<?xml version="1.0" encoding="UTF-8"?>
<robot generator="Robot 7.4.2 (Python 3.12.3 on linux)" generated="2026-04-28T08:12:36.677763" rpa="false" schemaversion="5">
<suite id="s1" name="Error Tests" source="/home/any/Área de trabalho/TestesMobak/bugs/280426/error_tests.robot">
<test id="s1-t1" name="Scenario: Login with empty username" line="14">
<kw name="Given I am on the Mobak login page">
<kw name="Open Mobak Login Page" owner="login_resources">
<kw name="Open Browser" owner="SeleniumLibrary">
<msg time="2026-04-28T08:12:37.016707" level="INFO">Opening browser 'chrome' to base url 'https://lampi.ifce.edu.br/mobak/login'.</msg>
<arg>${URL}</arg>
<arg>${BROWSER}</arg>
<doc>Opens a new browser instance to the optional ``url``.</doc>
<status status="PASS" start="2026-04-28T08:12:37.016134" elapsed="2.057066"/>
</kw>
<kw name="Maximize Browser Window" owner="SeleniumLibrary">
<doc>Maximizes current browser window.</doc>
<status status="PASS" start="2026-04-28T08:12:39.073666" elapsed="0.065700"/>
</kw>
<kw name="Wait Until Element Is Visible" owner="SeleniumLibrary">
<arg>${USER_FIELD}</arg>
<arg>timeout=10s</arg>
<doc>Waits until the element ``locator`` is visible.</doc>
<status status="PASS" start="2026-04-28T08:12:39.139835" elapsed="0.055961"/>
</kw>
<doc>Opens the browser and navigates to login page</doc>
<status status="PASS" start="2026-04-28T08:12:37.015618" elapsed="2.180392"/>
</kw>
<status status="PASS" start="2026-04-28T08:12:37.014741" elapsed="2.181406"/>
</kw>
<kw name="When I fill credentials">
<kw name="Input Username" owner="login_resources">
<kw name="Input Text" owner="SeleniumLibrary">
<msg time="2026-04-28T08:12:39.198996" level="INFO">Typing text '' into text field 'xpath=/html/body/div/main/div/div/form/div[1]/div/input'.</msg>
<arg>${USER_FIELD}</arg>
<arg>${username}</arg>
<doc>Types the given ``text`` into the text field identified by ``locator``.</doc>
<status status="PASS" start="2026-04-28T08:12:39.198577" elapsed="0.279512"/>
</kw>
<arg>${user}</arg>
<status status="PASS" start="2026-04-28T08:12:39.198045" elapsed="0.280249"/>
</kw>
<kw name="Input User Password" owner="login_resources">
<kw name="Input Password" owner="SeleniumLibrary">
<msg time="2026-04-28T08:12:39.479947" level="INFO">Typing password into text field 'xpath=/html/body/div/main/div/div/form/div[2]/div/input'.</msg>
<msg time="2026-04-28T08:12:39.551061" level="INFO">Temporally setting log level to: NONE</msg>
<arg>${PASS_FIELD}</arg>
<arg>${password}</arg>
<doc>Types the given password into the text field identified by ``locator``.</doc>
<status status="PASS" start="2026-04-28T08:12:39.479383" elapsed="0.186333"/>
</kw>
<arg>${pass}</arg>
<status status="PASS" start="2026-04-28T08:12:39.478657" elapsed="0.187268"/>
</kw>
<arg>${EMPTY}</arg>
<arg>senha123</arg>
<status status="PASS" start="2026-04-28T08:12:39.196733" elapsed="0.469312"/>
</kw>
<kw name="And I click the login button">
<kw name="Submit Login" owner="login_resources">
<kw name="Click Button" owner="SeleniumLibrary">
<msg time="2026-04-28T08:12:39.668025" level="INFO">Clicking button 'xpath=/html/body/div/main/div/div/form/button'.</msg>
<arg>${LOGIN_BUTTON}</arg>
<doc>Clicks the button identified by ``locator``.</doc>
<status status="PASS" start="2026-04-28T08:12:39.667676" elapsed="0.168103"/>
</kw>
<doc>Clicks the login button</doc>
<status status="PASS" start="2026-04-28T08:12:39.667244" elapsed="0.168739"/>
</kw>
<status status="PASS" start="2026-04-28T08:12:39.666685" elapsed="0.169442"/>
</kw>
<kw name="Then I should see an error message">
<kw name="Run Keyword And Return Status" owner="BuiltIn">
<kw name="Wait Until Element Is Visible" owner="SeleniumLibrary">
<msg time="2026-04-28T08:12:45.120872" level="INFO" html="true">&lt;/td&gt;&lt;/tr&gt;&lt;tr&gt;&lt;td colspan="3"&gt;&lt;a href="selenium-screenshot-146.png"&gt;&lt;img src="selenium-screenshot-146.png" width="800px"&gt;&lt;/a&gt;</msg>
<msg time="2026-04-28T08:12:45.121154" level="FAIL">Element 'css=.error-message' not visible after 5 seconds.</msg>
<arg>css=.error-message</arg>
<arg>timeout=5s</arg>
<doc>Waits until the element ``locator`` is visible.</doc>
<status status="FAIL" start="2026-04-28T08:12:39.838169" elapsed="5.285313">Element 'css=.error-message' not visible after 5 seconds.</status>
</kw>
<msg time="2026-04-28T08:12:45.123794" level="INFO">${check1} = False</msg>
<var>${check1}</var>
<arg>Wait Until Element Is Visible</arg>
<arg>css=.error-message</arg>
<arg>timeout=5s</arg>
<doc>Runs the specified keyword and returns the status as a Boolean value.</doc>
<status status="PASS" start="2026-04-28T08:12:39.837310" elapsed="5.286544"/>
</kw>
<kw name="Run Keyword And Return Status" owner="BuiltIn">
<kw name="Wait Until Element Is Visible" owner="SeleniumLibrary">
<msg time="2026-04-28T08:12:50.422107" level="INFO" html="true">&lt;/td&gt;&lt;/tr&gt;&lt;tr&gt;&lt;td colspan="3"&gt;&lt;a href="selenium-screenshot-147.png"&gt;&lt;img src="selenium-screenshot-147.png" width="800px"&gt;&lt;/a&gt;</msg>
<msg time="2026-04-28T08:12:50.422488" level="FAIL">Element 'css=[class*='error']' not visible after 5 seconds.</msg>
<arg>css=[class*='error']</arg>
<arg>timeout=5s</arg>
<doc>Waits until the element ``locator`` is visible.</doc>
<status status="FAIL" start="2026-04-28T08:12:45.124784" elapsed="5.298851">Element 'css=[class*='error']' not visible after 5 seconds.</status>
</kw>
<msg time="2026-04-28T08:12:50.424044" level="INFO">${check2} = False</msg>
<var>${check2}</var>
<arg>Wait Until Element Is Visible</arg>
<arg>css=[class*='error']</arg>
<arg>timeout=5s</arg>
<doc>Runs the specified keyword and returns the status as a Boolean value.</doc>
<status status="PASS" start="2026-04-28T08:12:45.124118" elapsed="5.300004"/>
</kw>
<kw name="Run Keyword And Return Status" owner="BuiltIn">
<kw name="Page Should Contain" owner="SeleniumLibrary">
<msg time="2026-04-28T08:12:50.665445" level="INFO" html="true">&lt;/td&gt;&lt;/tr&gt;&lt;tr&gt;&lt;td colspan="3"&gt;&lt;a href="selenium-screenshot-148.png"&gt;&lt;img src="selenium-screenshot-148.png" width="800px"&gt;&lt;/a&gt;</msg>
<msg time="2026-04-28T08:12:50.665679" level="FAIL">Page should have contained text 'Invalid' but did not.</msg>
<arg>Invalid</arg>
<doc>Verifies that current page contains ``text``.</doc>
<status status="FAIL" start="2026-04-28T08:12:50.425241" elapsed="0.241412">Page should have contained text 'Invalid' but did not.</status>
</kw>
<msg time="2026-04-28T08:12:50.666922" level="INFO">${check3} = False</msg>
<var>${check3}</var>
<arg>Page Should Contain</arg>
<arg>Invalid</arg>
<doc>Runs the specified keyword and returns the status as a Boolean value.</doc>
<status status="PASS" start="2026-04-28T08:12:50.424447" elapsed="0.242549"/>
</kw>
<kw name="Should Be True" owner="BuiltIn">
<msg time="2026-04-28T08:12:50.668598" level="FAIL">'False == True or False == True or False == True' should be true.</msg>
<arg>${check1} == True or ${check2} == True or ${check3} == True</arg>
<doc>Fails if the given condition is not true.</doc>
<status status="FAIL" start="2026-04-28T08:12:50.667318" elapsed="0.001465">'False == True or False == True or False == True' should be true.</status>
</kw>
<status status="FAIL" start="2026-04-28T08:12:39.836765" elapsed="10.832319">'False == True or False == True or False == True' should be true.</status>
</kw>
<kw name="Close Session" owner="login_resources" type="TEARDOWN">
<kw name="Close Browser" owner="SeleniumLibrary">
<doc>Closes the current browser.</doc>
<status status="PASS" start="2026-04-28T08:12:50.670234" elapsed="0.198252"/>
</kw>
<doc>Closes the browser</doc>
<status status="PASS" start="2026-04-28T08:12:50.669716" elapsed="0.198959"/>
</kw>
<doc>Test login with empty username field</doc>
<status status="FAIL" start="2026-04-28T08:12:37.011238" elapsed="13.857635">'False == True or False == True or False == True' should be true.</status>
</test>
<test id="s1-t2" name="Scenario: Login with empty password" line="21">
<kw name="Given I am on the Mobak login page">
<kw name="Open Mobak Login Page" owner="login_resources">
<kw name="Open Browser" owner="SeleniumLibrary">
<msg time="2026-04-28T08:12:50.871740" level="INFO">Opening browser 'chrome' to base url 'https://lampi.ifce.edu.br/mobak/login'.</msg>
<arg>${URL}</arg>
<arg>${BROWSER}</arg>
<doc>Opens a new browser instance to the optional ``url``.</doc>
<status status="PASS" start="2026-04-28T08:12:50.871308" elapsed="1.959193"/>
</kw>
<kw name="Maximize Browser Window" owner="SeleniumLibrary">
<doc>Maximizes current browser window.</doc>
<status status="PASS" start="2026-04-28T08:12:52.830822" elapsed="0.055989"/>
</kw>
<kw name="Wait Until Element Is Visible" owner="SeleniumLibrary">
<arg>${USER_FIELD}</arg>
<arg>timeout=10s</arg>
<doc>Waits until the element ``locator`` is visible.</doc>
<status status="PASS" start="2026-04-28T08:12:52.887108" elapsed="0.113877"/>
</kw>
<doc>Opens the browser and navigates to login page</doc>
<status status="PASS" start="2026-04-28T08:12:50.870874" elapsed="2.130313"/>
</kw>
<status status="PASS" start="2026-04-28T08:12:50.870329" elapsed="2.131020"/>
</kw>
<kw name="When I fill credentials">
<kw name="Input Username" owner="login_resources">
<kw name="Input Text" owner="SeleniumLibrary">
<msg time="2026-04-28T08:12:53.004073" level="INFO">Typing text 'usuario' into text field 'xpath=/html/body/div/main/div/div/form/div[1]/div/input'.</msg>
<arg>${USER_FIELD}</arg>
<arg>${username}</arg>
<doc>Types the given ``text`` into the text field identified by ``locator``.</doc>
<status status="PASS" start="2026-04-28T08:12:53.003615" elapsed="0.218065"/>
</kw>
<arg>${user}</arg>
<status status="PASS" start="2026-04-28T08:12:53.003062" elapsed="0.218829"/>
</kw>
<kw name="Input User Password" owner="login_resources">
<kw name="Input Password" owner="SeleniumLibrary">
<msg time="2026-04-28T08:12:53.223510" level="INFO">Typing password into text field 'xpath=/html/body/div/main/div/div/form/div[2]/div/input'.</msg>
<msg time="2026-04-28T08:12:53.292119" level="INFO">Temporally setting log level to: NONE</msg>
<arg>${PASS_FIELD}</arg>
<arg>${password}</arg>
<doc>Types the given password into the text field identified by ``locator``.</doc>
<status status="PASS" start="2026-04-28T08:12:53.223028" elapsed="0.142280"/>
</kw>
<arg>${pass}</arg>
<status status="PASS" start="2026-04-28T08:12:53.222221" elapsed="0.143326"/>
</kw>
<arg>usuario</arg>
<arg>${EMPTY}</arg>
<status status="PASS" start="2026-04-28T08:12:53.001845" elapsed="0.363827"/>
</kw>
<kw name="And I click the login button">
<kw name="Submit Login" owner="login_resources">
<kw name="Click Button" owner="SeleniumLibrary">
<msg time="2026-04-28T08:12:53.367347" level="INFO">Clicking button 'xpath=/html/body/div/main/div/div/form/button'.</msg>
<arg>${LOGIN_BUTTON}</arg>
<doc>Clicks the button identified by ``locator``.</doc>
<status status="PASS" start="2026-04-28T08:12:53.367004" elapsed="0.165827"/>
</kw>
<doc>Clicks the login button</doc>
<status status="PASS" start="2026-04-28T08:12:53.366611" elapsed="0.166442"/>
</kw>
<status status="PASS" start="2026-04-28T08:12:53.366098" elapsed="0.167104"/>
</kw>
<kw name="Then I should see an error message">
<kw name="Run Keyword And Return Status" owner="BuiltIn">
<kw name="Wait Until Element Is Visible" owner="SeleniumLibrary">
<msg time="2026-04-28T08:12:58.824284" level="INFO" html="true">&lt;/td&gt;&lt;/tr&gt;&lt;tr&gt;&lt;td colspan="3"&gt;&lt;a href="selenium-screenshot-149.png"&gt;&lt;img src="selenium-screenshot-149.png" width="800px"&gt;&lt;/a&gt;</msg>
<msg time="2026-04-28T08:12:58.824576" level="FAIL">Element 'css=.error-message' not visible after 5 seconds.</msg>
<arg>css=.error-message</arg>
<arg>timeout=5s</arg>
<doc>Waits until the element ``locator`` is visible.</doc>
<status status="FAIL" start="2026-04-28T08:12:53.535175" elapsed="5.290469">Element 'css=.error-message' not visible after 5 seconds.</status>
</kw>
<msg time="2026-04-28T08:12:58.826049" level="INFO">${check1} = False</msg>
<var>${check1}</var>
<arg>Wait Until Element Is Visible</arg>
<arg>css=.error-message</arg>
<arg>timeout=5s</arg>
<doc>Runs the specified keyword and returns the status as a Boolean value.</doc>
<status status="PASS" start="2026-04-28T08:12:53.534484" elapsed="5.291650"/>
</kw>
<kw name="Run Keyword And Return Status" owner="BuiltIn">
<kw name="Wait Until Element Is Visible" owner="SeleniumLibrary">
<msg time="2026-04-28T08:13:04.108272" level="INFO" html="true">&lt;/td&gt;&lt;/tr&gt;&lt;tr&gt;&lt;td colspan="3"&gt;&lt;a href="selenium-screenshot-150.png"&gt;&lt;img src="selenium-screenshot-150.png" width="800px"&gt;&lt;/a&gt;</msg>
<msg time="2026-04-28T08:13:04.108540" level="FAIL">Element 'css=[class*='error']' not visible after 5 seconds.</msg>
<arg>css=[class*='error']</arg>
<arg>timeout=5s</arg>
<doc>Waits until the element ``locator`` is visible.</doc>
<status status="FAIL" start="2026-04-28T08:12:58.827438" elapsed="5.281948">Element 'css=[class*='error']' not visible after 5 seconds.</status>
</kw>
<msg time="2026-04-28T08:13:04.109703" level="INFO">${check2} = False</msg>
<var>${check2}</var>
<arg>Wait Until Element Is Visible</arg>
<arg>css=[class*='error']</arg>
<arg>timeout=5s</arg>
<doc>Runs the specified keyword and returns the status as a Boolean value.</doc>
<status status="PASS" start="2026-04-28T08:12:58.826551" elapsed="5.283209"/>
</kw>
<kw name="Run Keyword And Return Status" owner="BuiltIn">
<kw name="Page Should Contain" owner="SeleniumLibrary">
<msg time="2026-04-28T08:13:04.339561" level="INFO" html="true">&lt;/td&gt;&lt;/tr&gt;&lt;tr&gt;&lt;td colspan="3"&gt;&lt;a href="selenium-screenshot-151.png"&gt;&lt;img src="selenium-screenshot-151.png" width="800px"&gt;&lt;/a&gt;</msg>
<msg time="2026-04-28T08:13:04.339804" level="FAIL">Page should have contained text 'Invalid' but did not.</msg>
<arg>Invalid</arg>
<doc>Verifies that current page contains ``text``.</doc>
<status status="FAIL" start="2026-04-28T08:13:04.110637" elapsed="0.229802">Page should have contained text 'Invalid' but did not.</status>
</kw>
<msg time="2026-04-28T08:13:04.340826" level="INFO">${check3} = False</msg>
<var>${check3}</var>
<arg>Page Should Contain</arg>
<arg>Invalid</arg>
<doc>Runs the specified keyword and returns the status as a Boolean value.</doc>
<status status="PASS" start="2026-04-28T08:13:04.110023" elapsed="0.230889"/>
</kw>
<kw name="Should Be True" owner="BuiltIn">
<msg time="2026-04-28T08:13:04.342507" level="FAIL">'False == True or False == True or False == True' should be true.</msg>
<arg>${check1} == True or ${check2} == True or ${check3} == True</arg>
<doc>Fails if the given condition is not true.</doc>
<status status="FAIL" start="2026-04-28T08:13:04.341286" elapsed="0.001378">'False == True or False == True or False == True' should be true.</status>
</kw>
<status status="FAIL" start="2026-04-28T08:12:53.533829" elapsed="10.809103">'False == True or False == True or False == True' should be true.</status>
</kw>
<kw name="Close Session" owner="login_resources" type="TEARDOWN">
<kw name="Close Browser" owner="SeleniumLibrary">
<doc>Closes the current browser.</doc>
<status status="PASS" start="2026-04-28T08:13:04.344199" elapsed="0.161852"/>
</kw>
<doc>Closes the browser</doc>
<status status="PASS" start="2026-04-28T08:13:04.343625" elapsed="0.162716"/>
</kw>
<doc>Test login with empty password field</doc>
<status status="FAIL" start="2026-04-28T08:12:50.869484" elapsed="13.637168">'False == True or False == True or False == True' should be true.</status>
</test>
<test id="s1-t3" name="Scenario: Login with emojis in username" line="28">
<kw name="Given I am on the Mobak login page">
<kw name="Open Mobak Login Page" owner="login_resources">
<kw name="Open Browser" owner="SeleniumLibrary">
<msg time="2026-04-28T08:13:04.510165" level="INFO">Opening browser 'chrome' to base url 'https://lampi.ifce.edu.br/mobak/login'.</msg>
<arg>${URL}</arg>
<arg>${BROWSER}</arg>
<doc>Opens a new browser instance to the optional ``url``.</doc>
<status status="PASS" start="2026-04-28T08:13:04.509731" elapsed="1.908307"/>
</kw>
<kw name="Maximize Browser Window" owner="SeleniumLibrary">
<doc>Maximizes current browser window.</doc>
<status status="PASS" start="2026-04-28T08:13:06.418362" elapsed="0.074541"/>
</kw>
<kw name="Wait Until Element Is Visible" owner="SeleniumLibrary">
<arg>${USER_FIELD}</arg>
<arg>timeout=10s</arg>
<doc>Waits until the element ``locator`` is visible.</doc>
<status status="PASS" start="2026-04-28T08:13:06.493294" elapsed="0.156653"/>
</kw>
<doc>Opens the browser and navigates to login page</doc>
<status status="PASS" start="2026-04-28T08:13:04.509008" elapsed="2.141139"/>
</kw>
<status status="PASS" start="2026-04-28T08:13:04.508375" elapsed="2.141893"/>
</kw>
<kw name="When I fill credentials">
<kw name="Input Username" owner="login_resources">
<kw name="Input Text" owner="SeleniumLibrary">
<msg time="2026-04-28T08:13:06.652211" level="INFO">Typing text 'user😀🎉' into text field 'xpath=/html/body/div/main/div/div/form/div[1]/div/input'.</msg>
<msg time="2026-04-28T08:13:06.957934" level="INFO" html="true">&lt;/td&gt;&lt;/tr&gt;&lt;tr&gt;&lt;td colspan="3"&gt;&lt;a href="selenium-screenshot-152.png"&gt;&lt;img src="selenium-screenshot-152.png" width="800px"&gt;&lt;/a&gt;</msg>
<msg time="2026-04-28T08:13:06.958279" level="FAIL">WebDriverException: Message: unknown error: ChromeDriver only supports characters in the BMP
  (Session info: chrome=148.0.7778.56)
Stacktrace:
#0 0x5acaf7f2e31a &lt;unknown&gt;
#1 0x5acaf7926b39 &lt;unknown&gt;
#2 0x5acaf79bc204 &lt;unknown&gt;
#3 0x5acaf79766d1 &lt;unknown&gt;
#4 0x5acaf797474a &lt;unknown&gt;
#5 0x5acaf796ff77 &lt;unknown&gt;
#6 0x5acaf79c31dc &lt;unknown&gt;
#7 0x5acaf796e73f &lt;unknown&gt;
#8 0x5acaf796f501 &lt;unknown&gt;
#9 0x5acaf7ef17bb &lt;unknown&gt;
#10 0x5acaf7ef46bd &lt;unknown&gt;
#11 0x5acaf7ede608 &lt;unknown&gt;
#12 0x5acaf7ef5250 &lt;unknown&gt;
#13 0x5acaf7ec5030 &lt;unknown&gt;
#14 0x5acaf7f1ac78 &lt;unknown&gt;
#15 0x5acaf7f1ae15 &lt;unknown&gt;
#16 0x5acaf7f2cd4e &lt;unknown&gt;
#17 0x79860649caa4 &lt;unknown&gt;
#18 0x798606529c6c &lt;unknown&gt;
</msg>
<arg>${USER_FIELD}</arg>
<arg>${username}</arg>
<doc>Types the given ``text`` into the text field identified by ``locator``.</doc>
<status status="FAIL" start="2026-04-28T08:13:06.651819" elapsed="0.309191">WebDriverException: Message: unknown error: ChromeDriver only supports characters in the BMP
  (Session info: chrome=148.0.7778.56)
Stacktrace:
#0 0x5acaf7f2e31a &lt;unknown&gt;
#1 0x5acaf7926b39 &lt;unknown&gt;
#2 0x5acaf79bc204 &lt;unknown&gt;
#3 0x5acaf79766d1 &lt;unknown&gt;
#4 0x5acaf797474a &lt;unknown&gt;
#5 0x5acaf796ff77 &lt;unknown&gt;
#6 0x5acaf79c31dc &lt;unknown&gt;
#7 0x5acaf796e73f &lt;unknown&gt;
#8 0x5acaf796f501 &lt;unknown&gt;
#9 0x5acaf7ef17bb &lt;unknown&gt;
#10 0x5acaf7ef46bd &lt;unknown&gt;
#11 0x5acaf7ede608 &lt;unknown&gt;
#12 0x5acaf7ef5250 &lt;unknown&gt;
#13 0x5acaf7ec5030 &lt;unknown&gt;
#14 0x5acaf7f1ac78 &lt;unknown&gt;
#15 0x5acaf7f1ae15 &lt;unknown&gt;
#16 0x5acaf7f2cd4e &lt;unknown&gt;
#17 0x79860649caa4 &lt;unknown&gt;
#18 0x798606529c6c &lt;unknown&gt;
</status>
</kw>
<arg>${user}</arg>
<status status="FAIL" start="2026-04-28T08:13:06.651313" elapsed="0.310091">WebDriverException: Message: unknown error: ChromeDriver only supports characters in the BMP
  (Session info: chrome=148.0.7778.56)
Stacktrace:
#0 0x5acaf7f2e31a &lt;unknown&gt;
#1 0x5acaf7926b39 &lt;unknown&gt;
#2 0x5acaf79bc204 &lt;unknown&gt;
#3 0x5acaf79766d1 &lt;unknown&gt;
#4 0x5acaf797474a &lt;unknown&gt;
#5 0x5acaf796ff77 &lt;unknown&gt;
#6 0x5acaf79c31dc &lt;unknown&gt;
#7 0x5acaf796e73f &lt;unknown&gt;
#8 0x5acaf796f501 &lt;unknown&gt;
#9 0x5acaf7ef17bb &lt;unknown&gt;
#10 0x5acaf7ef46bd &lt;unknown&gt;
#11 0x5acaf7ede608 &lt;unknown&gt;
#12 0x5acaf7ef5250 &lt;unknown&gt;
#13 0x5acaf7ec5030 &lt;unknown&gt;
#14 0x5acaf7f1ac78 &lt;unknown&gt;
#15 0x5acaf7f1ae15 &lt;unknown&gt;
#16 0x5acaf7f2cd4e &lt;unknown&gt;
#17 0x79860649caa4 &lt;unknown&gt;
#18 0x798606529c6c &lt;unknown&gt;
</status>
</kw>
<kw name="Input User Password" owner="login_resources">
<arg>${pass}</arg>
<status status="NOT RUN" start="2026-04-28T08:13:06.961877" elapsed="0.000092"/>
</kw>
<arg>user😀🎉</arg>
<arg>senha123</arg>
<status status="FAIL" start="2026-04-28T08:13:06.650716" elapsed="0.311456">WebDriverException: Message: unknown error: ChromeDriver only supports characters in the BMP
  (Session info: chrome=148.0.7778.56)
Stacktrace:
#0 0x5acaf7f2e31a &lt;unknown&gt;
#1 0x5acaf7926b39 &lt;unknown&gt;
#2 0x5acaf79bc204 &lt;unknown&gt;
#3 0x5acaf79766d1 &lt;unknown&gt;
#4 0x5acaf797474a &lt;unknown&gt;
#5 0x5acaf796ff77 &lt;unknown&gt;
#6 0x5acaf79c31dc &lt;unknown&gt;
#7 0x5acaf796e73f &lt;unknown&gt;
#8 0x5acaf796f501 &lt;unknown&gt;
#9 0x5acaf7ef17bb &lt;unknown&gt;
#10 0x5acaf7ef46bd &lt;unknown&gt;
#11 0x5acaf7ede608 &lt;unknown&gt;
#12 0x5acaf7ef5250 &lt;unknown&gt;
#13 0x5acaf7ec5030 &lt;unknown&gt;
#14 0x5acaf7f1ac78 &lt;unknown&gt;
#15 0x5acaf7f1ae15 &lt;unknown&gt;
#16 0x5acaf7f2cd4e &lt;unknown&gt;
#17 0x79860649caa4 &lt;unknown&gt;
#18 0x798606529c6c &lt;unknown&gt;
</status>
</kw>
<kw name="And I click the login button">
<status status="NOT RUN" start="2026-04-28T08:13:06.962650" elapsed="0.000062"/>
</kw>
<kw name="Then I should see an error message or invalid login">
<status status="NOT RUN" start="2026-04-28T08:13:06.963072" elapsed="0.000055"/>
</kw>
<kw name="Close Session" owner="login_resources" type="TEARDOWN">
<kw name="Close Browser" owner="SeleniumLibrary">
<doc>Closes the current browser.</doc>
<status status="PASS" start="2026-04-28T08:13:06.964039" elapsed="0.151029"/>
</kw>
<doc>Closes the browser</doc>
<status status="PASS" start="2026-04-28T08:13:06.963574" elapsed="0.151685"/>
</kw>
<doc>Test login with emoji characters</doc>
<status status="FAIL" start="2026-04-28T08:13:04.507316" elapsed="2.608152">WebDriverException: Message: unknown error: ChromeDriver only supports characters in the BMP
  (Session info: chrome=148.0.7778.56)
Stacktrace:
#0 0x5acaf7f2e31a &lt;unknown&gt;
#1 0x5acaf7926b39 &lt;unknown&gt;
#2 0x5acaf79bc204 &lt;unknown&gt;
#3 0x5acaf79766d1 &lt;unknown&gt;
#4 0x5acaf797474a &lt;unknown&gt;
#5 0x5acaf796ff77 &lt;unknown&gt;
#6 0x5acaf79c31dc &lt;unknown&gt;
#7 0x5acaf796e73f &lt;unknown&gt;
#8 0x5acaf796f501 &lt;unknown&gt;
#9 0x5acaf7ef17bb &lt;unknown&gt;
#10 0x5acaf7ef46bd &lt;unknown&gt;
#11 0x5acaf7ede608 &lt;unknown&gt;
#12 0x5acaf7ef5250 &lt;unknown&gt;
#13 0x5acaf7ec5030 &lt;unknown&gt;
#14 0x5acaf7f1ac78 &lt;unknown&gt;
#15 0x5acaf7f1ae15 &lt;unknown&gt;
#16 0x5acaf7f2cd4e &lt;unknown&gt;
#17 0x79860649caa4 &lt;unknown&gt;
#18 0x798606529c6c &lt;unknown&gt;
</status>
</test>
<test id="s1-t4" name="Scenario: Login with special characters" line="35">
<kw name="Given I am on the Mobak login page">
<kw name="Open Mobak Login Page" owner="login_resources">
<kw name="Open Browser" owner="SeleniumLibrary">
<msg time="2026-04-28T08:13:07.124586" level="INFO">Opening browser 'chrome' to base url 'https://lampi.ifce.edu.br/mobak/login'.</msg>
<arg>${URL}</arg>
<arg>${BROWSER}</arg>
<doc>Opens a new browser instance to the optional ``url``.</doc>
<status status="PASS" start="2026-04-28T08:13:07.124034" elapsed="1.873821"/>
</kw>
<kw name="Maximize Browser Window" owner="SeleniumLibrary">
<doc>Maximizes current browser window.</doc>
<status status="PASS" start="2026-04-28T08:13:08.998164" elapsed="0.076221"/>
</kw>
<kw name="Wait Until Element Is Visible" owner="SeleniumLibrary">
<arg>${USER_FIELD}</arg>
<arg>timeout=10s</arg>
<doc>Waits until the element ``locator`` is visible.</doc>
<status status="PASS" start="2026-04-28T08:13:09.074834" elapsed="0.054005"/>
</kw>
<doc>Opens the browser and navigates to login page</doc>
<status status="PASS" start="2026-04-28T08:13:07.117538" elapsed="2.011566"/>
</kw>
<status status="PASS" start="2026-04-28T08:13:07.117013" elapsed="2.012255"/>
</kw>
<kw name="When I fill credentials">
<kw name="Input Username" owner="login_resources">
<kw name="Input Text" owner="SeleniumLibrary">
<msg time="2026-04-28T08:13:09.131972" level="INFO">Typing text 'user@#$%^&amp;*()' into text field 'xpath=/html/body/div/main/div/div/form/div[1]/div/input'.</msg>
<arg>${USER_FIELD}</arg>
<arg>${username}</arg>
<doc>Types the given ``text`` into the text field identified by ``locator``.</doc>
<status status="PASS" start="2026-04-28T08:13:09.131434" elapsed="0.330763"/>
</kw>
<arg>${user}</arg>
<status status="PASS" start="2026-04-28T08:13:09.130750" elapsed="0.331653"/>
</kw>
<kw name="Input User Password" owner="login_resources">
<kw name="Input Password" owner="SeleniumLibrary">
<msg time="2026-04-28T08:13:09.463923" level="INFO">Typing password into text field 'xpath=/html/body/div/main/div/div/form/div[2]/div/input'.</msg>
<msg time="2026-04-28T08:13:09.528751" level="INFO">Temporally setting log level to: NONE</msg>
<arg>${PASS_FIELD}</arg>
<arg>${password}</arg>
<doc>Types the given password into the text field identified by ``locator``.</doc>
<status status="PASS" start="2026-04-28T08:13:09.463450" elapsed="0.167877"/>
</kw>
<arg>${pass}</arg>
<status status="PASS" start="2026-04-28T08:13:09.462844" elapsed="0.168701"/>
</kw>
<arg>user@#$%^&amp;*()</arg>
<arg>senha!@#$%</arg>
<status status="PASS" start="2026-04-28T08:13:09.129922" elapsed="0.501741"/>
</kw>
<kw name="And I click the login button">
<kw name="Submit Login" owner="login_resources">
<kw name="Click Button" owner="SeleniumLibrary">
<msg time="2026-04-28T08:13:09.633477" level="INFO">Clicking button 'xpath=/html/body/div/main/div/div/form/button'.</msg>
<arg>${LOGIN_BUTTON}</arg>
<doc>Clicks the button identified by ``locator``.</doc>
<status status="PASS" start="2026-04-28T08:13:09.632980" elapsed="0.168004"/>
</kw>
<doc>Clicks the login button</doc>
<status status="PASS" start="2026-04-28T08:13:09.632609" elapsed="0.168576"/>
</kw>
<status status="PASS" start="2026-04-28T08:13:09.632109" elapsed="0.169192"/>
</kw>
<kw name="Then I should see an error message or invalid login">
<kw name="Run Keyword And Return Status" owner="BuiltIn">
<kw name="Wait Until Element Is Visible" owner="SeleniumLibrary">
<msg time="2026-04-28T08:13:15.118219" level="INFO" html="true">&lt;/td&gt;&lt;/tr&gt;&lt;tr&gt;&lt;td colspan="3"&gt;&lt;a href="selenium-screenshot-153.png"&gt;&lt;img src="selenium-screenshot-153.png" width="800px"&gt;&lt;/a&gt;</msg>
<msg time="2026-04-28T08:13:15.118477" level="FAIL">Element 'css=.error-message' not visible after 5 seconds.</msg>
<arg>css=.error-message</arg>
<arg>timeout=${timeout}</arg>
<doc>Waits until the element ``locator`` is visible.</doc>
<status status="FAIL" start="2026-04-28T08:13:09.803025" elapsed="5.316181">Element 'css=.error-message' not visible after 5 seconds.</status>
</kw>
<msg time="2026-04-28T08:13:15.119528" level="INFO">${check1} = False</msg>
<var>${check1}</var>
<arg>Wait Until Element Is Visible</arg>
<arg>css=.error-message</arg>
<arg>timeout=${timeout}</arg>
<doc>Runs the specified keyword and returns the status as a Boolean value.</doc>
<status status="PASS" start="2026-04-28T08:13:09.802427" elapsed="5.317162"/>
</kw>
<kw name="Run Keyword And Return Status" owner="BuiltIn">
<kw name="Wait Until Element Is Visible" owner="SeleniumLibrary">
<msg time="2026-04-28T08:13:20.422440" level="INFO" html="true">&lt;/td&gt;&lt;/tr&gt;&lt;tr&gt;&lt;td colspan="3"&gt;&lt;a href="selenium-screenshot-154.png"&gt;&lt;img src="selenium-screenshot-154.png" width="800px"&gt;&lt;/a&gt;</msg>
<msg time="2026-04-28T08:13:20.422705" level="FAIL">Element 'css=[class*='error']' not visible after 5 seconds.</msg>
<arg>css=[class*='error']</arg>
<arg>timeout=${timeout}</arg>
<doc>Waits until the element ``locator`` is visible.</doc>
<status status="FAIL" start="2026-04-28T08:13:15.120471" elapsed="5.303163">Element 'css=[class*='error']' not visible after 5 seconds.</status>
</kw>
<msg time="2026-04-28T08:13:20.424011" level="INFO">${check2} = False</msg>
<var>${check2}</var>
<arg>Wait Until Element Is Visible</arg>
<arg>css=[class*='error']</arg>
<arg>timeout=${timeout}</arg>
<doc>Runs the specified keyword and returns the status as a Boolean value.</doc>
<status status="PASS" start="2026-04-28T08:13:15.119849" elapsed="5.304226"/>
</kw>
<kw name="Run Keyword And Return Status" owner="BuiltIn">
<kw name="Page Should Contain" owner="SeleniumLibrary">
<msg time="2026-04-28T08:13:20.680960" level="INFO" html="true">&lt;/td&gt;&lt;/tr&gt;&lt;tr&gt;&lt;td colspan="3"&gt;&lt;a href="selenium-screenshot-155.png"&gt;&lt;img src="selenium-screenshot-155.png" width="800px"&gt;&lt;/a&gt;</msg>
<msg time="2026-04-28T08:13:20.681214" level="FAIL">Page should have contained text 'Invalid' but did not.</msg>
<arg>Invalid</arg>
<doc>Verifies that current page contains ``text``.</doc>
<status status="FAIL" start="2026-04-28T08:13:20.425132" elapsed="0.256711">Page should have contained text 'Invalid' but did not.</status>
</kw>
<msg time="2026-04-28T08:13:20.682121" level="INFO">${check3} = False</msg>
<var>${check3}</var>
<arg>Page Should Contain</arg>
<arg>Invalid</arg>
<doc>Runs the specified keyword and returns the status as a Boolean value.</doc>
<status status="PASS" start="2026-04-28T08:13:20.424360" elapsed="0.257822"/>
</kw>
<kw name="Run Keyword And Return Status" owner="BuiltIn">
<kw name="Page Should Contain" owner="SeleniumLibrary">
<msg time="2026-04-28T08:13:20.707031" level="INFO">Current page contains text 'erro'.</msg>
<arg>erro</arg>
<doc>Verifies that current page contains ``text``.</doc>
<status status="PASS" start="2026-04-28T08:13:20.683328" elapsed="0.023941"/>
</kw>
<msg time="2026-04-28T08:13:20.707641" level="INFO">${check4} = True</msg>
<var>${check4}</var>
<arg>Page Should Contain</arg>
<arg>erro</arg>
<doc>Runs the specified keyword and returns the status as a Boolean value.</doc>
<status status="PASS" start="2026-04-28T08:13:20.682508" elapsed="0.025216"/>
</kw>
<kw name="Should Be True" owner="BuiltIn">
<arg>${check1} == True or ${check2} == True or ${check3} == True or ${check4} == True</arg>
<doc>Fails if the given condition is not true.</doc>
<status status="PASS" start="2026-04-28T08:13:20.708045" elapsed="0.001032"/>
</kw>
<status status="PASS" start="2026-04-28T08:13:09.801884" elapsed="10.907404"/>
</kw>
<kw name="Close Session" owner="login_resources" type="TEARDOWN">
<kw name="Close Browser" owner="SeleniumLibrary">
<doc>Closes the current browser.</doc>
<status status="PASS" start="2026-04-28T08:13:20.710360" elapsed="0.150924"/>
</kw>
<doc>Closes the browser</doc>
<status status="PASS" start="2026-04-28T08:13:20.709864" elapsed="0.151652"/>
</kw>
<doc>Test login with special symbols</doc>
<status status="PASS" start="2026-04-28T08:13:07.116003" elapsed="13.745707"/>
</test>
<test id="s1-t5" name="Scenario: Login with SQL injection attempt" line="42">
<kw name="Given I am on the Mobak login page">
<kw name="Open Mobak Login Page" owner="login_resources">
<kw name="Open Browser" owner="SeleniumLibrary">
<msg time="2026-04-28T08:13:20.864444" level="INFO">Opening browser 'chrome' to base url 'https://lampi.ifce.edu.br/mobak/login'.</msg>
<arg>${URL}</arg>
<arg>${BROWSER}</arg>
<doc>Opens a new browser instance to the optional ``url``.</doc>
<status status="PASS" start="2026-04-28T08:13:20.864032" elapsed="2.048371"/>
</kw>
<kw name="Maximize Browser Window" owner="SeleniumLibrary">
<doc>Maximizes current browser window.</doc>
<status status="PASS" start="2026-04-28T08:13:22.912734" elapsed="0.051654"/>
</kw>
<kw name="Wait Until Element Is Visible" owner="SeleniumLibrary">
<arg>${USER_FIELD}</arg>
<arg>timeout=10s</arg>
<doc>Waits until the element ``locator`` is visible.</doc>
<status status="PASS" start="2026-04-28T08:13:22.964820" elapsed="0.093516"/>
</kw>
<doc>Opens the browser and navigates to login page</doc>
<status status="PASS" start="2026-04-28T08:13:20.863599" elapsed="2.194968"/>
</kw>
<status status="PASS" start="2026-04-28T08:13:20.863071" elapsed="2.195615"/>
</kw>
<kw name="When I fill credentials">
<kw name="Input Username" owner="login_resources">
<kw name="Input Text" owner="SeleniumLibrary">
<msg time="2026-04-28T08:13:23.060733" level="INFO">Typing text 'admin' OR '1'='1' into text field 'xpath=/html/body/div/main/div/div/form/div[1]/div/input'.</msg>
<arg>${USER_FIELD}</arg>
<arg>${username}</arg>
<doc>Types the given ``text`` into the text field identified by ``locator``.</doc>
<status status="PASS" start="2026-04-28T08:13:23.060312" elapsed="0.319165"/>
</kw>
<arg>${user}</arg>
<status status="PASS" start="2026-04-28T08:13:23.059801" elapsed="0.319899"/>
</kw>
<kw name="Input User Password" owner="login_resources">
<kw name="Input Password" owner="SeleniumLibrary">
<msg time="2026-04-28T08:13:23.381072" level="INFO">Typing password into text field 'xpath=/html/body/div/main/div/div/form/div[2]/div/input'.</msg>
<msg time="2026-04-28T08:13:23.448613" level="INFO">Temporally setting log level to: NONE</msg>
<arg>${PASS_FIELD}</arg>
<arg>${password}</arg>
<doc>Types the given password into the text field identified by ``locator``.</doc>
<status status="PASS" start="2026-04-28T08:13:23.380548" elapsed="0.164304"/>
</kw>
<arg>${pass}</arg>
<status status="PASS" start="2026-04-28T08:13:23.379998" elapsed="0.165050"/>
</kw>
<arg>admin' OR '1'='1</arg>
<arg>password</arg>
<status status="PASS" start="2026-04-28T08:13:23.059124" elapsed="0.486046"/>
</kw>
<kw name="And I click the login button">
<kw name="Submit Login" owner="login_resources">
<kw name="Click Button" owner="SeleniumLibrary">
<msg time="2026-04-28T08:13:23.547023" level="INFO">Clicking button 'xpath=/html/body/div/main/div/div/form/button'.</msg>
<arg>${LOGIN_BUTTON}</arg>
<doc>Clicks the button identified by ``locator``.</doc>
<status status="PASS" start="2026-04-28T08:13:23.546671" elapsed="0.170919"/>
</kw>
<doc>Clicks the login button</doc>
<status status="PASS" start="2026-04-28T08:13:23.546275" elapsed="0.171523"/>
</kw>
<status status="PASS" start="2026-04-28T08:13:23.545732" elapsed="0.172189"/>
</kw>
<kw name="Then I should see an error message or invalid login">
<kw name="Run Keyword And Return Status" owner="BuiltIn">
<kw name="Wait Until Element Is Visible" owner="SeleniumLibrary">
<msg time="2026-04-28T08:13:29.025957" level="INFO" html="true">&lt;/td&gt;&lt;/tr&gt;&lt;tr&gt;&lt;td colspan="3"&gt;&lt;a href="selenium-screenshot-156.png"&gt;&lt;img src="selenium-screenshot-156.png" width="800px"&gt;&lt;/a&gt;</msg>
<msg time="2026-04-28T08:13:29.026291" level="FAIL">Element 'css=.error-message' not visible after 5 seconds.</msg>
<arg>css=.error-message</arg>
<arg>timeout=${timeout}</arg>
<doc>Waits until the element ``locator`` is visible.</doc>
<status status="FAIL" start="2026-04-28T08:13:23.723938" elapsed="5.303657">Element 'css=.error-message' not visible after 5 seconds.</status>
</kw>
<msg time="2026-04-28T08:13:29.027892" level="INFO">${check1} = False</msg>
<var>${check1}</var>
<arg>Wait Until Element Is Visible</arg>
<arg>css=.error-message</arg>
<arg>timeout=${timeout}</arg>
<doc>Runs the specified keyword and returns the status as a Boolean value.</doc>
<status status="PASS" start="2026-04-28T08:13:23.719056" elapsed="5.308895"/>
</kw>
<kw name="Run Keyword And Return Status" owner="BuiltIn">
<kw name="Wait Until Element Is Visible" owner="SeleniumLibrary">
<msg time="2026-04-28T08:13:34.325873" level="INFO" html="true">&lt;/td&gt;&lt;/tr&gt;&lt;tr&gt;&lt;td colspan="3"&gt;&lt;a href="selenium-screenshot-157.png"&gt;&lt;img src="selenium-screenshot-157.png" width="800px"&gt;&lt;/a&gt;</msg>
<msg time="2026-04-28T08:13:34.326175" level="FAIL">Element 'css=[class*='error']' not visible after 5 seconds.</msg>
<arg>css=[class*='error']</arg>
<arg>timeout=${timeout}</arg>
<doc>Waits until the element ``locator`` is visible.</doc>
<status status="FAIL" start="2026-04-28T08:13:29.028946" elapsed="5.298178">Element 'css=[class*='error']' not visible after 5 seconds.</status>
</kw>
<msg time="2026-04-28T08:13:34.327468" level="INFO">${check2} = False</msg>
<var>${check2}</var>
<arg>Wait Until Element Is Visible</arg>
<arg>css=[class*='error']</arg>
<arg>timeout=${timeout}</arg>
<doc>Runs the specified keyword and returns the status as a Boolean value.</doc>
<status status="PASS" start="2026-04-28T08:13:29.028239" elapsed="5.299289"/>
</kw>
<kw name="Run Keyword And Return Status" owner="BuiltIn">
<kw name="Page Should Contain" owner="SeleniumLibrary">
<msg time="2026-04-28T08:13:34.566901" level="INFO" html="true">&lt;/td&gt;&lt;/tr&gt;&lt;tr&gt;&lt;td colspan="3"&gt;&lt;a href="selenium-screenshot-158.png"&gt;&lt;img src="selenium-screenshot-158.png" width="800px"&gt;&lt;/a&gt;</msg>
<msg time="2026-04-28T08:13:34.567150" level="FAIL">Page should have contained text 'Invalid' but did not.</msg>
<arg>Invalid</arg>
<doc>Verifies that current page contains ``text``.</doc>
<status status="FAIL" start="2026-04-28T08:13:34.328470" elapsed="0.239447">Page should have contained text 'Invalid' but did not.</status>
</kw>
<msg time="2026-04-28T08:13:34.568270" level="INFO">${check3} = False</msg>
<var>${check3}</var>
<arg>Page Should Contain</arg>
<arg>Invalid</arg>
<doc>Runs the specified keyword and returns the status as a Boolean value.</doc>
<status status="PASS" start="2026-04-28T08:13:34.327800" elapsed="0.240551"/>
</kw>
<kw name="Run Keyword And Return Status" owner="BuiltIn">
<kw name="Page Should Contain" owner="SeleniumLibrary">
<msg time="2026-04-28T08:13:34.593736" level="INFO">Current page contains text 'erro'.</msg>
<arg>erro</arg>
<doc>Verifies that current page contains ``text``.</doc>
<status status="PASS" start="2026-04-28T08:13:34.569592" elapsed="0.024303"/>
</kw>
<msg time="2026-04-28T08:13:34.594128" level="INFO">${check4} = True</msg>
<var>${check4}</var>
<arg>Page Should Contain</arg>
<arg>erro</arg>
<doc>Runs the specified keyword and returns the status as a Boolean value.</doc>
<status status="PASS" start="2026-04-28T08:13:34.568738" elapsed="0.025449"/>
</kw>
<kw name="Should Be True" owner="BuiltIn">
<arg>${check1} == True or ${check2} == True or ${check3} == True or ${check4} == True</arg>
<doc>Fails if the given condition is not true.</doc>
<status status="PASS" start="2026-04-28T08:13:34.594448" elapsed="0.000904"/>
</kw>
<status status="PASS" start="2026-04-28T08:13:23.718484" elapsed="10.877040"/>
</kw>
<kw name="Close Session" owner="login_resources" type="TEARDOWN">
<kw name="Close Browser" owner="SeleniumLibrary">
<doc>Closes the current browser.</doc>
<status status="PASS" start="2026-04-28T08:13:34.596648" elapsed="0.152420"/>
</kw>
<doc>Closes the browser</doc>
<status status="PASS" start="2026-04-28T08:13:34.596102" elapsed="0.153151"/>
</kw>
<doc>Test SQL injection in username field</doc>
<status status="PASS" start="2026-04-28T08:13:20.862188" elapsed="13.887269"/>
</test>
<test id="s1-t6" name="Scenario: Login with very long username" line="49">
<kw name="Given I am on the Mobak login page">
<kw name="Open Mobak Login Page" owner="login_resources">
<kw name="Open Browser" owner="SeleniumLibrary">
<msg time="2026-04-28T08:13:34.752178" level="INFO">Opening browser 'chrome' to base url 'https://lampi.ifce.edu.br/mobak/login'.</msg>
<arg>${URL}</arg>
<arg>${BROWSER}</arg>
<doc>Opens a new browser instance to the optional ``url``.</doc>
<status status="PASS" start="2026-04-28T08:13:34.751790" elapsed="1.942245"/>
</kw>
<kw name="Maximize Browser Window" owner="SeleniumLibrary">
<doc>Maximizes current browser window.</doc>
<status status="PASS" start="2026-04-28T08:13:36.694487" elapsed="0.060534"/>
</kw>
<kw name="Wait Until Element Is Visible" owner="SeleniumLibrary">
<arg>${USER_FIELD}</arg>
<arg>timeout=10s</arg>
<doc>Waits until the element ``locator`` is visible.</doc>
<status status="PASS" start="2026-04-28T08:13:36.755353" elapsed="0.163942"/>
</kw>
<doc>Opens the browser and navigates to login page</doc>
<status status="PASS" start="2026-04-28T08:13:34.751364" elapsed="2.168146"/>
</kw>
<status status="PASS" start="2026-04-28T08:13:34.750808" elapsed="2.168821"/>
</kw>
<kw name="When I fill credentials">
<kw name="Input Username" owner="login_resources">
<kw name="Input Text" owner="SeleniumLibrary">
<msg time="2026-04-28T08:13:36.921768" level="INFO">Typing text 'aaaaaaaaaaaaaaaaaaaaaaaaaaaaaaaaaaaaaaaaaaaaaaaaaaaaaaaaaaaaaaaaaaaaaaaaaaaaaaaaaaaaaaaaaaaaaaaaaaaaa aaaaaaaaaaaaaaaaaaaaaaaaaaaaaaaaaaaaaaaaaaaaaaaaaaaaaaaaaaaaaaaaaaaaaaaaaaaaaaaaaaaaaaaaaaaaaaaaaaaaa aaaaaaaaaaaaaaaaaaaaaaaaaaaaaaaaaaaaaaaaaaaaaaaaaaaaaaaaaaaaaaaaaaaaaaaaaaaaaaaaaaaaaaaaaaaaaaaaaaaaa aaaaaaaaaaaaaaaaaaaaaaaaaaaaaaaaaaaaaaaaaaaaaaaaaaaaaaaaaaaaaaaaaaaaaaaaaaaaaaaaaaaaaaaaaaaaaaaaaaaaa aaaaaaaaaaaaaaaaaaaaaaaaaaaaaaaaaaaaaaaaaaaaaaaaaaaaaaaaaaaaaaaaaaaaaaaaaaaaaaaaaaaaaaaaaaaaaaaaaaaaa' into text field 'xpath=/html/body/div/main/div/div/form/div[1]/div/input'.</msg>
<arg>${USER_FIELD}</arg>
<arg>${username}</arg>
<doc>Types the given ``text`` into the text field identified by ``locator``.</doc>
<status status="PASS" start="2026-04-28T08:13:36.921349" elapsed="1.249036"/>
</kw>
<arg>${user}</arg>
<status status="PASS" start="2026-04-28T08:13:36.920719" elapsed="1.250047"/>
</kw>
<kw name="Input User Password" owner="login_resources">
<kw name="Input Password" owner="SeleniumLibrary">
<msg time="2026-04-28T08:13:38.172046" level="INFO">Typing password into text field 'xpath=/html/body/div/main/div/div/form/div[2]/div/input'.</msg>
<msg time="2026-04-28T08:13:38.242086" level="INFO">Temporally setting log level to: NONE</msg>
<arg>${PASS_FIELD}</arg>
<arg>${password}</arg>
<doc>Types the given password into the text field identified by ``locator``.</doc>
<status status="PASS" start="2026-04-28T08:13:38.171653" elapsed="0.170150"/>
</kw>
<arg>${pass}</arg>
<status status="PASS" start="2026-04-28T08:13:38.171094" elapsed="0.170898"/>
</kw>
<arg>${LONG_STRING}</arg>
<arg>senha123</arg>
<status status="PASS" start="2026-04-28T08:13:36.920059" elapsed="1.422054"/>
</kw>
<kw name="And I click the login button">
<kw name="Submit Login" owner="login_resources">
<kw name="Click Button" owner="SeleniumLibrary">
<msg time="2026-04-28T08:13:38.343832" level="INFO">Clicking button 'xpath=/html/body/div/main/div/div/form/button'.</msg>
<arg>${LOGIN_BUTTON}</arg>
<doc>Clicks the button identified by ``locator``.</doc>
<status status="PASS" start="2026-04-28T08:13:38.343465" elapsed="0.167559"/>
</kw>
<doc>Clicks the login button</doc>
<status status="PASS" start="2026-04-28T08:13:38.343067" elapsed="0.168151"/>
</kw>
<status status="PASS" start="2026-04-28T08:13:38.342576" elapsed="0.168759"/>
</kw>
<kw name="Then I should see an error message or invalid login">
<kw name="Run Keyword And Return Status" owner="BuiltIn">
<kw name="Wait Until Element Is Visible" owner="SeleniumLibrary">
<msg time="2026-04-28T08:13:43.862714" level="INFO" html="true">&lt;/td&gt;&lt;/tr&gt;&lt;tr&gt;&lt;td colspan="3"&gt;&lt;a href="selenium-screenshot-159.png"&gt;&lt;img src="selenium-screenshot-159.png" width="800px"&gt;&lt;/a&gt;</msg>
<msg time="2026-04-28T08:13:43.862979" level="FAIL">Element 'css=.error-message' not visible after 5 seconds.</msg>
<arg>css=.error-message</arg>
<arg>timeout=${timeout}</arg>
<doc>Waits until the element ``locator`` is visible.</doc>
<status status="FAIL" start="2026-04-28T08:13:38.512970" elapsed="5.350865">Element 'css=.error-message' not visible after 5 seconds.</status>
</kw>
<msg time="2026-04-28T08:13:43.864168" level="INFO">${check1} = False</msg>
<var>${check1}</var>
<arg>Wait Until Element Is Visible</arg>
<arg>css=.error-message</arg>
<arg>timeout=${timeout}</arg>
<doc>Runs the specified keyword and returns the status as a Boolean value.</doc>
<status status="PASS" start="2026-04-28T08:13:38.512353" elapsed="5.351874"/>
</kw>
<kw name="Run Keyword And Return Status" owner="BuiltIn">
<kw name="Wait Until Element Is Visible" owner="SeleniumLibrary">
<msg time="2026-04-28T08:13:49.211500" level="INFO" html="true">&lt;/td&gt;&lt;/tr&gt;&lt;tr&gt;&lt;td colspan="3"&gt;&lt;a href="selenium-screenshot-160.png"&gt;&lt;img src="selenium-screenshot-160.png" width="800px"&gt;&lt;/a&gt;</msg>
<msg time="2026-04-28T08:13:49.211808" level="FAIL">Element 'css=[class*='error']' not visible after 5 seconds.</msg>
<arg>css=[class*='error']</arg>
<arg>timeout=${timeout}</arg>
<doc>Waits until the element ``locator`` is visible.</doc>
<status status="FAIL" start="2026-04-28T08:13:43.865157" elapsed="5.347614">Element 'css=[class*='error']' not visible after 5 seconds.</status>
</kw>
<msg time="2026-04-28T08:13:49.213148" level="INFO">${check2} = False</msg>
<var>${check2}</var>
<arg>Wait Until Element Is Visible</arg>
<arg>css=[class*='error']</arg>
<arg>timeout=${timeout}</arg>
<doc>Runs the specified keyword and returns the status as a Boolean value.</doc>
<status status="PASS" start="2026-04-28T08:13:43.864535" elapsed="5.348671"/>
</kw>
<kw name="Run Keyword And Return Status" owner="BuiltIn">
<kw name="Page Should Contain" owner="SeleniumLibrary">
<msg time="2026-04-28T08:13:49.490769" level="INFO" html="true">&lt;/td&gt;&lt;/tr&gt;&lt;tr&gt;&lt;td colspan="3"&gt;&lt;a href="selenium-screenshot-161.png"&gt;&lt;img src="selenium-screenshot-161.png" width="800px"&gt;&lt;/a&gt;</msg>
<msg time="2026-04-28T08:13:49.491083" level="FAIL">Page should have contained text 'Invalid' but did not.</msg>
<arg>Invalid</arg>
<doc>Verifies that current page contains ``text``.</doc>
<status status="FAIL" start="2026-04-28T08:13:49.214134" elapsed="0.277656">Page should have contained text 'Invalid' but did not.</status>
</kw>
<msg time="2026-04-28T08:13:49.492132" level="INFO">${check3} = False</msg>
<var>${check3}</var>
<arg>Page Should Contain</arg>
<arg>Invalid</arg>
<doc>Runs the specified keyword and returns the status as a Boolean value.</doc>
<status status="PASS" start="2026-04-28T08:13:49.213518" elapsed="0.278690"/>
</kw>
<kw name="Run Keyword And Return Status" owner="BuiltIn">
<kw name="Page Should Contain" owner="SeleniumLibrary">
<msg time="2026-04-28T08:13:49.517771" level="INFO">Current page contains text 'erro'.</msg>
<arg>erro</arg>
<doc>Verifies that current page contains ``text``.</doc>
<status status="PASS" start="2026-04-28T08:13:49.493160" elapsed="0.024765"/>
</kw>
<msg time="2026-04-28T08:13:49.518158" level="INFO">${check4} = True</msg>
<var>${check4}</var>
<arg>Page Should Contain</arg>
<arg>erro</arg>
<doc>Runs the specified keyword and returns the status as a Boolean value.</doc>
<status status="PASS" start="2026-04-28T08:13:49.492509" elapsed="0.025702"/>
</kw>
<kw name="Should Be True" owner="BuiltIn">
<arg>${check1} == True or ${check2} == True or ${check3} == True or ${check4} == True</arg>
<doc>Fails if the given condition is not true.</doc>
<status status="PASS" start="2026-04-28T08:13:49.518487" elapsed="0.000949"/>
</kw>
<status status="PASS" start="2026-04-28T08:13:38.511839" elapsed="11.007749"/>
</kw>
<kw name="Close Session" owner="login_resources" type="TEARDOWN">
<kw name="Close Browser" owner="SeleniumLibrary">
<doc>Closes the current browser.</doc>
<status status="PASS" start="2026-04-28T08:13:49.520508" elapsed="0.174138"/>
</kw>
<doc>Closes the browser</doc>
<status status="PASS" start="2026-04-28T08:13:49.520034" elapsed="0.174801"/>
</kw>
<doc>Test username with 500+ characters</doc>
<status status="PASS" start="2026-04-28T08:13:34.749945" elapsed="14.945075"/>
</test>
<test id="s1-t7" name="Scenario: Login with spaces only" line="56">
<kw name="Given I am on the Mobak login page">
<kw name="Open Mobak Login Page" owner="login_resources">
<kw name="Open Browser" owner="SeleniumLibrary">
<msg time="2026-04-28T08:13:49.697934" level="INFO">Opening browser 'chrome' to base url 'https://lampi.ifce.edu.br/mobak/login'.</msg>
<arg>${URL}</arg>
<arg>${BROWSER}</arg>
<doc>Opens a new browser instance to the optional ``url``.</doc>
<status status="PASS" start="2026-04-28T08:13:49.697530" elapsed="1.881117"/>
</kw>
<kw name="Maximize Browser Window" owner="SeleniumLibrary">
<doc>Maximizes current browser window.</doc>
<status status="PASS" start="2026-04-28T08:13:51.578985" elapsed="0.068973"/>
</kw>
<kw name="Wait Until Element Is Visible" owner="SeleniumLibrary">
<arg>${USER_FIELD}</arg>
<arg>timeout=10s</arg>
<doc>Waits until the element ``locator`` is visible.</doc>
<status status="PASS" start="2026-04-28T08:13:51.648363" elapsed="0.046684"/>
</kw>
<doc>Opens the browser and navigates to login page</doc>
<status status="PASS" start="2026-04-28T08:13:49.697070" elapsed="1.998206"/>
</kw>
<status status="PASS" start="2026-04-28T08:13:49.696497" elapsed="1.998901"/>
</kw>
<kw name="When I fill credentials">
<kw name="Input Username" owner="login_resources">
<kw name="Input Text" owner="SeleniumLibrary">
<msg time="2026-04-28T08:13:51.697632" level="INFO">Typing text '   ' into text field 'xpath=/html/body/div/main/div/div/form/div[1]/div/input'.</msg>
<arg>${USER_FIELD}</arg>
<arg>${username}</arg>
<doc>Types the given ``text`` into the text field identified by ``locator``.</doc>
<status status="PASS" start="2026-04-28T08:13:51.697138" elapsed="0.275859"/>
</kw>
<arg>${user}</arg>
<status status="PASS" start="2026-04-28T08:13:51.696680" elapsed="0.276628"/>
</kw>
<kw name="Input User Password" owner="login_resources">
<kw name="Input Password" owner="SeleniumLibrary">
<msg time="2026-04-28T08:13:51.974644" level="INFO">Typing password into text field 'xpath=/html/body/div/main/div/div/form/div[2]/div/input'.</msg>
<msg time="2026-04-28T08:13:52.042850" level="INFO">Temporally setting log level to: NONE</msg>
<arg>${PASS_FIELD}</arg>
<arg>${password}</arg>
<doc>Types the given password into the text field identified by ``locator``.</doc>
<status status="PASS" start="2026-04-28T08:13:51.974203" elapsed="0.159433"/>
</kw>
<arg>${pass}</arg>
<status status="PASS" start="2026-04-28T08:13:51.973642" elapsed="0.160199"/>
</kw>
<arg>${SPACE}${SPACE}${SPACE}</arg>
<arg>${SPACE}${SPACE}${SPACE}</arg>
<status status="PASS" start="2026-04-28T08:13:51.695860" elapsed="0.438103"/>
</kw>
<kw name="And I click the login button">
<kw name="Submit Login" owner="login_resources">
<kw name="Click Button" owner="SeleniumLibrary">
<msg time="2026-04-28T08:13:52.135736" level="INFO">Clicking button 'xpath=/html/body/div/main/div/div/form/button'.</msg>
<arg>${LOGIN_BUTTON}</arg>
<doc>Clicks the button identified by ``locator``.</doc>
<status status="PASS" start="2026-04-28T08:13:52.135343" elapsed="0.167784"/>
</kw>
<doc>Clicks the login button</doc>
<status status="PASS" start="2026-04-28T08:13:52.134936" elapsed="0.168390"/>
</kw>
<status status="PASS" start="2026-04-28T08:13:52.134425" elapsed="0.169044"/>
</kw>
<kw name="Then I should see an error message">
<kw name="Run Keyword And Return Status" owner="BuiltIn">
<kw name="Wait Until Element Is Visible" owner="SeleniumLibrary">
<msg time="2026-04-28T08:13:57.590236" level="INFO" html="true">&lt;/td&gt;&lt;/tr&gt;&lt;tr&gt;&lt;td colspan="3"&gt;&lt;a href="selenium-screenshot-162.png"&gt;&lt;img src="selenium-screenshot-162.png" width="800px"&gt;&lt;/a&gt;</msg>
<msg time="2026-04-28T08:13:57.590497" level="FAIL">Element 'css=.error-message' not visible after 5 seconds.</msg>
<arg>css=.error-message</arg>
<arg>timeout=5s</arg>
<doc>Waits until the element ``locator`` is visible.</doc>
<status status="FAIL" start="2026-04-28T08:13:52.305052" elapsed="5.286194">Element 'css=.error-message' not visible after 5 seconds.</status>
</kw>
<msg time="2026-04-28T08:13:57.591630" level="INFO">${check1} = False</msg>
<var>${check1}</var>
<arg>Wait Until Element Is Visible</arg>
<arg>css=.error-message</arg>
<arg>timeout=5s</arg>
<doc>Runs the specified keyword and returns the status as a Boolean value.</doc>
<status status="PASS" start="2026-04-28T08:13:52.304442" elapsed="5.287248"/>
</kw>
<kw name="Run Keyword And Return Status" owner="BuiltIn">
<kw name="Wait Until Element Is Visible" owner="SeleniumLibrary">
<msg time="2026-04-28T08:14:02.892095" level="INFO" html="true">&lt;/td&gt;&lt;/tr&gt;&lt;tr&gt;&lt;td colspan="3"&gt;&lt;a href="selenium-screenshot-163.png"&gt;&lt;img src="selenium-screenshot-163.png" width="800px"&gt;&lt;/a&gt;</msg>
<msg time="2026-04-28T08:14:02.892438" level="FAIL">Element 'css=[class*='error']' not visible after 5 seconds.</msg>
<arg>css=[class*='error']</arg>
<arg>timeout=5s</arg>
<doc>Waits until the element ``locator`` is visible.</doc>
<status status="FAIL" start="2026-04-28T08:13:57.592646" elapsed="5.300747">Element 'css=[class*='error']' not visible after 5 seconds.</status>
</kw>
<msg time="2026-04-28T08:14:02.893725" level="INFO">${check2} = False</msg>
<var>${check2}</var>
<arg>Wait Until Element Is Visible</arg>
<arg>css=[class*='error']</arg>
<arg>timeout=5s</arg>
<doc>Runs the specified keyword and returns the status as a Boolean value.</doc>
<status status="PASS" start="2026-04-28T08:13:57.591970" elapsed="5.301812"/>
</kw>
<kw name="Run Keyword And Return Status" owner="BuiltIn">
<kw name="Page Should Contain" owner="SeleniumLibrary">
<msg time="2026-04-28T08:14:03.138186" level="INFO" html="true">&lt;/td&gt;&lt;/tr&gt;&lt;tr&gt;&lt;td colspan="3"&gt;&lt;a href="selenium-screenshot-164.png"&gt;&lt;img src="selenium-screenshot-164.png" width="800px"&gt;&lt;/a&gt;</msg>
<msg time="2026-04-28T08:14:03.138511" level="FAIL">Page should have contained text 'Invalid' but did not.</msg>
<arg>Invalid</arg>
<doc>Verifies that current page contains ``text``.</doc>
<status status="FAIL" start="2026-04-28T08:14:02.894785" elapsed="0.244386">Page should have contained text 'Invalid' but did not.</status>
</kw>
<msg time="2026-04-28T08:14:03.139506" level="INFO">${check3} = False</msg>
<var>${check3}</var>
<arg>Page Should Contain</arg>
<arg>Invalid</arg>
<doc>Runs the specified keyword and returns the status as a Boolean value.</doc>
<status status="PASS" start="2026-04-28T08:14:02.894088" elapsed="0.245479"/>
</kw>
<kw name="Should Be True" owner="BuiltIn">
<msg time="2026-04-28T08:14:03.141188" level="FAIL">'False == True or False == True or False == True' should be true.</msg>
<arg>${check1} == True or ${check2} == True or ${check3} == True</arg>
<doc>Fails if the given condition is not true.</doc>
<status status="FAIL" start="2026-04-28T08:14:03.139879" elapsed="0.001511">'False == True or False == True or False == True' should be true.</status>
</kw>
<status status="FAIL" start="2026-04-28T08:13:52.303922" elapsed="10.837814">'False == True or False == True or False == True' should be true.</status>
</kw>
<kw name="Close Session" owner="login_resources" type="TEARDOWN">
<kw name="Close Browser" owner="SeleniumLibrary">
<doc>Closes the current browser.</doc>
<status status="PASS" start="2026-04-28T08:14:03.143207" elapsed="0.147182"/>
</kw>
<doc>Closes the browser</doc>
<status status="PASS" start="2026-04-28T08:14:03.142544" elapsed="0.148116"/>
</kw>
<doc>Test login with only whitespace</doc>
<status status="FAIL" start="2026-04-28T08:13:49.695539" elapsed="13.595332">'False == True or False == True or False == True' should be true.</status>
</test>
<test id="s1-t8" name="Scenario: Login with HTML tags" line="63">
<kw name="Given I am on the Mobak login page">
<kw name="Open Mobak Login Page" owner="login_resources">
<kw name="Open Browser" owner="SeleniumLibrary">
<msg time="2026-04-28T08:14:03.293977" level="INFO">Opening browser 'chrome' to base url 'https://lampi.ifce.edu.br/mobak/login'.</msg>
<arg>${URL}</arg>
<arg>${BROWSER}</arg>
<doc>Opens a new browser instance to the optional ``url``.</doc>
<status status="PASS" start="2026-04-28T08:14:03.293540" elapsed="1.845693"/>
</kw>
<kw name="Maximize Browser Window" owner="SeleniumLibrary">
<doc>Maximizes current browser window.</doc>
<status status="PASS" start="2026-04-28T08:14:05.139566" elapsed="0.056341"/>
</kw>
<kw name="Wait Until Element Is Visible" owner="SeleniumLibrary">
<arg>${USER_FIELD}</arg>
<arg>timeout=10s</arg>
<doc>Waits until the element ``locator`` is visible.</doc>
<status status="PASS" start="2026-04-28T08:14:05.196281" elapsed="0.053766"/>
</kw>
<doc>Opens the browser and navigates to login page</doc>
<status status="PASS" start="2026-04-28T08:14:03.293031" elapsed="1.957234"/>
</kw>
<status status="PASS" start="2026-04-28T08:14:03.292458" elapsed="1.957928"/>
</kw>
<kw name="When I fill credentials">
<kw name="Input Username" owner="login_resources">
<kw name="Input Text" owner="SeleniumLibrary">
<msg time="2026-04-28T08:14:05.252667" level="INFO">Typing text '&lt;script&gt;alert('xss')&lt;/script&gt;' into text field 'xpath=/html/body/div/main/div/div/form/div[1]/div/input'.</msg>
<arg>${USER_FIELD}</arg>
<arg>${username}</arg>
<doc>Types the given ``text`` into the text field identified by ``locator``.</doc>
<status status="PASS" start="2026-04-28T08:14:05.252168" elapsed="0.367441"/>
</kw>
<arg>${user}</arg>
<status status="PASS" start="2026-04-28T08:14:05.251646" elapsed="0.368164"/>
</kw>
<kw name="Input User Password" owner="login_resources">
<kw name="Input Password" owner="SeleniumLibrary">
<msg time="2026-04-28T08:14:05.621049" level="INFO">Typing password into text field 'xpath=/html/body/div/main/div/div/form/div[2]/div/input'.</msg>
<msg time="2026-04-28T08:14:05.690363" level="INFO">Temporally setting log level to: NONE</msg>
<arg>${PASS_FIELD}</arg>
<arg>${password}</arg>
<doc>Types the given password into the text field identified by ``locator``.</doc>
<status status="PASS" start="2026-04-28T08:14:05.620657" elapsed="0.166482"/>
</kw>
<arg>${pass}</arg>
<status status="PASS" start="2026-04-28T08:14:05.620106" elapsed="0.167381"/>
</kw>
<arg>&lt;script&gt;alert('xss')&lt;/script&gt;</arg>
<arg>senha123</arg>
<status status="PASS" start="2026-04-28T08:14:05.250931" elapsed="0.536686"/>
</kw>
<kw name="And I click the login button">
<kw name="Submit Login" owner="login_resources">
<kw name="Click Button" owner="SeleniumLibrary">
<msg time="2026-04-28T08:14:05.789458" level="INFO">Clicking button 'xpath=/html/body/div/main/div/div/form/button'.</msg>
<arg>${LOGIN_BUTTON}</arg>
<doc>Clicks the button identified by ``locator``.</doc>
<status status="PASS" start="2026-04-28T08:14:05.789082" elapsed="0.174016"/>
</kw>
<doc>Clicks the login button</doc>
<status status="PASS" start="2026-04-28T08:14:05.788710" elapsed="0.174583"/>
</kw>
<status status="PASS" start="2026-04-28T08:14:05.788160" elapsed="0.175292"/>
</kw>
<kw name="Then I should see an error message or invalid login">
<kw name="Run Keyword And Return Status" owner="BuiltIn">
<kw name="Wait Until Element Is Visible" owner="SeleniumLibrary">
<msg time="2026-04-28T08:14:11.312339" level="INFO" html="true">&lt;/td&gt;&lt;/tr&gt;&lt;tr&gt;&lt;td colspan="3"&gt;&lt;a href="selenium-screenshot-165.png"&gt;&lt;img src="selenium-screenshot-165.png" width="800px"&gt;&lt;/a&gt;</msg>
<msg time="2026-04-28T08:14:11.312681" level="FAIL">Element 'css=.error-message' not visible after 5 seconds.</msg>
<arg>css=.error-message</arg>
<arg>timeout=${timeout}</arg>
<doc>Waits until the element ``locator`` is visible.</doc>
<status status="FAIL" start="2026-04-28T08:14:05.965225" elapsed="5.348389">Element 'css=.error-message' not visible after 5 seconds.</status>
</kw>
<msg time="2026-04-28T08:14:11.313936" level="INFO">${check1} = False</msg>
<var>${check1}</var>
<arg>Wait Until Element Is Visible</arg>
<arg>css=.error-message</arg>
<arg>timeout=${timeout}</arg>
<doc>Runs the specified keyword and returns the status as a Boolean value.</doc>
<status status="PASS" start="2026-04-28T08:14:05.964514" elapsed="5.349477"/>
</kw>
<kw name="Run Keyword And Return Status" owner="BuiltIn">
<kw name="Wait Until Element Is Visible" owner="SeleniumLibrary">
<msg time="2026-04-28T08:14:16.644975" level="INFO" html="true">&lt;/td&gt;&lt;/tr&gt;&lt;tr&gt;&lt;td colspan="3"&gt;&lt;a href="selenium-screenshot-166.png"&gt;&lt;img src="selenium-screenshot-166.png" width="800px"&gt;&lt;/a&gt;</msg>
<msg time="2026-04-28T08:14:16.645490" level="FAIL">Element 'css=[class*='error']' not visible after 5 seconds.</msg>
<arg>css=[class*='error']</arg>
<arg>timeout=${timeout}</arg>
<doc>Waits until the element ``locator`` is visible.</doc>
<status status="FAIL" start="2026-04-28T08:14:11.314914" elapsed="5.331300">Element 'css=[class*='error']' not visible after 5 seconds.</status>
</kw>
<msg time="2026-04-28T08:14:16.646504" level="INFO">${check2} = False</msg>
<var>${check2}</var>
<arg>Wait Until Element Is Visible</arg>
<arg>css=[class*='error']</arg>
<arg>timeout=${timeout}</arg>
<doc>Runs the specified keyword and returns the status as a Boolean value.</doc>
<status status="PASS" start="2026-04-28T08:14:11.314266" elapsed="5.332295"/>
</kw>
<kw name="Run Keyword And Return Status" owner="BuiltIn">
<kw name="Page Should Contain" owner="SeleniumLibrary">
<msg time="2026-04-28T08:14:16.905894" level="INFO" html="true">&lt;/td&gt;&lt;/tr&gt;&lt;tr&gt;&lt;td colspan="3"&gt;&lt;a href="selenium-screenshot-167.png"&gt;&lt;img src="selenium-screenshot-167.png" width="800px"&gt;&lt;/a&gt;</msg>
<msg time="2026-04-28T08:14:16.906134" level="FAIL">Page should have contained text 'Invalid' but did not.</msg>
<arg>Invalid</arg>
<doc>Verifies that current page contains ``text``.</doc>
<status status="FAIL" start="2026-04-28T08:14:16.647479" elapsed="0.259255">Page should have contained text 'Invalid' but did not.</status>
</kw>
<msg time="2026-04-28T08:14:16.907096" level="INFO">${check3} = False</msg>
<var>${check3}</var>
<arg>Page Should Contain</arg>
<arg>Invalid</arg>
<doc>Runs the specified keyword and returns the status as a Boolean value.</doc>
<status status="PASS" start="2026-04-28T08:14:16.646841" elapsed="0.260328"/>
</kw>
<kw name="Run Keyword And Return Status" owner="BuiltIn">
<kw name="Page Should Contain" owner="SeleniumLibrary">
<msg time="2026-04-28T08:14:16.932396" level="INFO">Current page contains text 'erro'.</msg>
<arg>erro</arg>
<doc>Verifies that current page contains ``text``.</doc>
<status status="PASS" start="2026-04-28T08:14:16.908357" elapsed="0.024267"/>
</kw>
<msg time="2026-04-28T08:14:16.932910" level="INFO">${check4} = True</msg>
<var>${check4}</var>
<arg>Page Should Contain</arg>
<arg>erro</arg>
<doc>Runs the specified keyword and returns the status as a Boolean value.</doc>
<status status="PASS" start="2026-04-28T08:14:16.907537" elapsed="0.025451"/>
</kw>
<kw name="Should Be True" owner="BuiltIn">
<arg>${check1} == True or ${check2} == True or ${check3} == True or ${check4} == True</arg>
<doc>Fails if the given condition is not true.</doc>
<status status="PASS" start="2026-04-28T08:14:16.933376" elapsed="0.001483"/>
</kw>
<status status="PASS" start="2026-04-28T08:14:05.963957" elapsed="10.971130"/>
</kw>
<kw name="Close Session" owner="login_resources" type="TEARDOWN">
<kw name="Close Browser" owner="SeleniumLibrary">
<doc>Closes the current browser.</doc>
<status status="PASS" start="2026-04-28T08:14:16.936630" elapsed="0.174642"/>
</kw>
<doc>Closes the browser</doc>
<status status="PASS" start="2026-04-28T08:14:16.935854" elapsed="0.175661"/>
</kw>
<doc>Test HTML injection attempt</doc>
<status status="PASS" start="2026-04-28T08:14:03.291448" elapsed="13.820272"/>
</test>
<test id="s1-t9" name="Scenario: Login with unicode characters" line="70">
<kw name="Given I am on the Mobak login page">
<kw name="Open Mobak Login Page" owner="login_resources">
<kw name="Open Browser" owner="SeleniumLibrary">
<msg time="2026-04-28T08:14:17.115625" level="INFO">Opening browser 'chrome' to base url 'https://lampi.ifce.edu.br/mobak/login'.</msg>
<arg>${URL}</arg>
<arg>${BROWSER}</arg>
<doc>Opens a new browser instance to the optional ``url``.</doc>
<status status="PASS" start="2026-04-28T08:14:17.114887" elapsed="1.935131"/>
</kw>
<kw name="Maximize Browser Window" owner="SeleniumLibrary">
<doc>Maximizes current browser window.</doc>
<status status="PASS" start="2026-04-28T08:14:19.050375" elapsed="0.071581"/>
</kw>
<kw name="Wait Until Element Is Visible" owner="SeleniumLibrary">
<arg>${USER_FIELD}</arg>
<arg>timeout=10s</arg>
<doc>Waits until the element ``locator`` is visible.</doc>
<status status="PASS" start="2026-04-28T08:14:19.122347" elapsed="0.148416"/>
</kw>
<doc>Opens the browser and navigates to login page</doc>
<status status="PASS" start="2026-04-28T08:14:17.114066" elapsed="2.156901"/>
</kw>
<status status="PASS" start="2026-04-28T08:14:17.113274" elapsed="2.157816"/>
</kw>
<kw name="When I fill credentials">
<kw name="Input Username" owner="login_resources">
<kw name="Input Text" owner="SeleniumLibrary">
<msg time="2026-04-28T08:14:19.273077" level="INFO">Typing text '用户测试' into text field 'xpath=/html/body/div/main/div/div/form/div[1]/div/input'.</msg>
<arg>${USER_FIELD}</arg>
<arg>${username}</arg>
<doc>Types the given ``text`` into the text field identified by ``locator``.</doc>
<status status="PASS" start="2026-04-28T08:14:19.272684" elapsed="0.213383"/>
</kw>
<arg>${user}</arg>
<status status="PASS" start="2026-04-28T08:14:19.272184" elapsed="0.214089"/>
</kw>
<kw name="Input User Password" owner="login_resources">
<kw name="Input Password" owner="SeleniumLibrary">
<msg time="2026-04-28T08:14:19.487572" level="INFO">Typing password into text field 'xpath=/html/body/div/main/div/div/form/div[2]/div/input'.</msg>
<msg time="2026-04-28T08:14:19.556606" level="INFO">Temporally setting log level to: NONE</msg>
<arg>${PASS_FIELD}</arg>
<arg>${password}</arg>
<doc>Types the given password into the text field identified by ``locator``.</doc>
<status status="PASS" start="2026-04-28T08:14:19.487159" elapsed="0.174241"/>
</kw>
<arg>${pass}</arg>
<status status="PASS" start="2026-04-28T08:14:19.486620" elapsed="0.175245"/>
</kw>
<arg>用户测试</arg>
<arg>пароль123</arg>
<status status="PASS" start="2026-04-28T08:14:19.271556" elapsed="0.390471"/>
</kw>
<kw name="And I click the login button">
<kw name="Submit Login" owner="login_resources">
<kw name="Click Button" owner="SeleniumLibrary">
<msg time="2026-04-28T08:14:19.664020" level="INFO">Clicking button 'xpath=/html/body/div/main/div/div/form/button'.</msg>
<arg>${LOGIN_BUTTON}</arg>
<doc>Clicks the button identified by ``locator``.</doc>
<status status="PASS" start="2026-04-28T08:14:19.663662" elapsed="0.173616"/>
</kw>
<doc>Clicks the login button</doc>
<status status="PASS" start="2026-04-28T08:14:19.663252" elapsed="0.174320"/>
</kw>
<status status="PASS" start="2026-04-28T08:14:19.662705" elapsed="0.175042"/>
</kw>
<kw name="Then I should see an error message or invalid login">
<kw name="Run Keyword And Return Status" owner="BuiltIn">
<kw name="Wait Until Element Is Visible" owner="SeleniumLibrary">
<msg time="2026-04-28T08:14:25.160932" level="INFO" html="true">&lt;/td&gt;&lt;/tr&gt;&lt;tr&gt;&lt;td colspan="3"&gt;&lt;a href="selenium-screenshot-168.png"&gt;&lt;img src="selenium-screenshot-168.png" width="800px"&gt;&lt;/a&gt;</msg>
<msg time="2026-04-28T08:14:25.161249" level="FAIL">Element 'css=.error-message' not visible after 5 seconds.</msg>
<arg>css=.error-message</arg>
<arg>timeout=${timeout}</arg>
<doc>Waits until the element ``locator`` is visible.</doc>
<status status="FAIL" start="2026-04-28T08:14:19.840102" elapsed="5.322068">Element 'css=.error-message' not visible after 5 seconds.</status>
</kw>
<msg time="2026-04-28T08:14:25.162551" level="INFO">${check1} = False</msg>
<var>${check1}</var>
<arg>Wait Until Element Is Visible</arg>
<arg>css=.error-message</arg>
<arg>timeout=${timeout}</arg>
<doc>Runs the specified keyword and returns the status as a Boolean value.</doc>
<status status="PASS" start="2026-04-28T08:14:19.839324" elapsed="5.323289"/>
</kw>
<kw name="Run Keyword And Return Status" owner="BuiltIn">
<kw name="Wait Until Element Is Visible" owner="SeleniumLibrary">
<msg time="2026-04-28T08:14:30.456638" level="INFO" html="true">&lt;/td&gt;&lt;/tr&gt;&lt;tr&gt;&lt;td colspan="3"&gt;&lt;a href="selenium-screenshot-169.png"&gt;&lt;img src="selenium-screenshot-169.png" width="800px"&gt;&lt;/a&gt;</msg>
<msg time="2026-04-28T08:14:30.456871" level="FAIL">Element 'css=[class*='error']' not visible after 5 seconds.</msg>
<arg>css=[class*='error']</arg>
<arg>timeout=${timeout}</arg>
<doc>Waits until the element ``locator`` is visible.</doc>
<status status="FAIL" start="2026-04-28T08:14:25.163561" elapsed="5.294044">Element 'css=[class*='error']' not visible after 5 seconds.</status>
</kw>
<msg time="2026-04-28T08:14:30.457865" level="INFO">${check2} = False</msg>
<var>${check2}</var>
<arg>Wait Until Element Is Visible</arg>
<arg>css=[class*='error']</arg>
<arg>timeout=${timeout}</arg>
<doc>Runs the specified keyword and returns the status as a Boolean value.</doc>
<status status="PASS" start="2026-04-28T08:14:25.162899" elapsed="5.295026"/>
</kw>
<kw name="Run Keyword And Return Status" owner="BuiltIn">
<kw name="Page Should Contain" owner="SeleniumLibrary">
<msg time="2026-04-28T08:14:30.702611" level="INFO" html="true">&lt;/td&gt;&lt;/tr&gt;&lt;tr&gt;&lt;td colspan="3"&gt;&lt;a href="selenium-screenshot-170.png"&gt;&lt;img src="selenium-screenshot-170.png" width="800px"&gt;&lt;/a&gt;</msg>
<msg time="2026-04-28T08:14:30.702843" level="FAIL">Page should have contained text 'Invalid' but did not.</msg>
<arg>Invalid</arg>
<doc>Verifies that current page contains ``text``.</doc>
<status status="FAIL" start="2026-04-28T08:14:30.458942" elapsed="0.244417">Page should have contained text 'Invalid' but did not.</status>
</kw>
<msg time="2026-04-28T08:14:30.703622" level="INFO">${check3} = False</msg>
<var>${check3}</var>
<arg>Page Should Contain</arg>
<arg>Invalid</arg>
<doc>Runs the specified keyword and returns the status as a Boolean value.</doc>
<status status="PASS" start="2026-04-28T08:14:30.458181" elapsed="0.245495"/>
</kw>
<kw name="Run Keyword And Return Status" owner="BuiltIn">
<kw name="Page Should Contain" owner="SeleniumLibrary">
<msg time="2026-04-28T08:14:30.732301" level="INFO">Current page contains text 'erro'.</msg>
<arg>erro</arg>
<doc>Verifies that current page contains ``text``.</doc>
<status status="PASS" start="2026-04-28T08:14:30.704527" elapsed="0.027967"/>
</kw>
<msg time="2026-04-28T08:14:30.732736" level="INFO">${check4} = True</msg>
<var>${check4}</var>
<arg>Page Should Contain</arg>
<arg>erro</arg>
<doc>Runs the specified keyword and returns the status as a Boolean value.</doc>
<status status="PASS" start="2026-04-28T08:14:30.703927" elapsed="0.028861"/>
</kw>
<kw name="Should Be True" owner="BuiltIn">
<arg>${check1} == True or ${check2} == True or ${check3} == True or ${check4} == True</arg>
<doc>Fails if the given condition is not true.</doc>
<status status="PASS" start="2026-04-28T08:14:30.733024" elapsed="0.000894"/>
</kw>
<status status="PASS" start="2026-04-28T08:14:19.838490" elapsed="10.895568"/>
</kw>
<kw name="Close Session" owner="login_resources" type="TEARDOWN">
<kw name="Close Browser" owner="SeleniumLibrary">
<doc>Closes the current browser.</doc>
<status status="PASS" start="2026-04-28T08:14:30.734980" elapsed="0.145332"/>
</kw>
<doc>Closes the browser</doc>
<status status="PASS" start="2026-04-28T08:14:30.734517" elapsed="0.146047"/>
</kw>
<doc>Test unicode characters in fields</doc>
<status status="PASS" start="2026-04-28T08:14:17.112321" elapsed="13.768429"/>
</test>
<test id="s1-t10" name="Scenario: Login with invalid credentials" line="77">
<kw name="Given I am on the Mobak login page">
<kw name="Open Mobak Login Page" owner="login_resources">
<kw name="Open Browser" owner="SeleniumLibrary">
<msg time="2026-04-28T08:14:30.883504" level="INFO">Opening browser 'chrome' to base url 'https://lampi.ifce.edu.br/mobak/login'.</msg>
<arg>${URL}</arg>
<arg>${BROWSER}</arg>
<doc>Opens a new browser instance to the optional ``url``.</doc>
<status status="PASS" start="2026-04-28T08:14:30.883053" elapsed="1.946696"/>
</kw>
<kw name="Maximize Browser Window" owner="SeleniumLibrary">
<doc>Maximizes current browser window.</doc>
<status status="PASS" start="2026-04-28T08:14:32.830082" elapsed="0.055455"/>
</kw>
<kw name="Wait Until Element Is Visible" owner="SeleniumLibrary">
<arg>${USER_FIELD}</arg>
<arg>timeout=10s</arg>
<doc>Waits until the element ``locator`` is visible.</doc>
<status status="PASS" start="2026-04-28T08:14:32.885843" elapsed="0.124083"/>
</kw>
<doc>Opens the browser and navigates to login page</doc>
<status status="PASS" start="2026-04-28T08:14:30.882652" elapsed="2.127595"/>
</kw>
<status status="PASS" start="2026-04-28T08:14:30.882098" elapsed="2.128381"/>
</kw>
<kw name="When I fill credentials">
<kw name="Input Username" owner="login_resources">
<kw name="Input Text" owner="SeleniumLibrary">
<msg time="2026-04-28T08:14:33.013153" level="INFO">Typing text 'usuario_invalido' into text field 'xpath=/html/body/div/main/div/div/form/div[1]/div/input'.</msg>
<arg>${USER_FIELD}</arg>
<arg>${username}</arg>
<doc>Types the given ``text`` into the text field identified by ``locator``.</doc>
<status status="PASS" start="2026-04-28T08:14:33.012727" elapsed="0.262743"/>
</kw>
<arg>${user}</arg>
<status status="PASS" start="2026-04-28T08:14:33.012040" elapsed="0.263703"/>
</kw>
<kw name="Input User Password" owner="login_resources">
<kw name="Input Password" owner="SeleniumLibrary">
<msg time="2026-04-28T08:14:33.277164" level="INFO">Typing password into text field 'xpath=/html/body/div/main/div/div/form/div[2]/div/input'.</msg>
<msg time="2026-04-28T08:14:33.343489" level="INFO">Temporally setting log level to: NONE</msg>
<arg>${PASS_FIELD}</arg>
<arg>${password}</arg>
<doc>Types the given password into the text field identified by ``locator``.</doc>
<status status="PASS" start="2026-04-28T08:14:33.276765" elapsed="0.173448"/>
</kw>
<arg>${pass}</arg>
<status status="PASS" start="2026-04-28T08:14:33.276128" elapsed="0.174275"/>
</kw>
<arg>usuario_invalido</arg>
<arg>senha_errada</arg>
<status status="PASS" start="2026-04-28T08:14:33.011076" elapsed="0.439627"/>
</kw>
<kw name="And I click the login button">
<kw name="Submit Login" owner="login_resources">
<kw name="Click Button" owner="SeleniumLibrary">
<msg time="2026-04-28T08:14:33.452787" level="INFO">Clicking button 'xpath=/html/body/div/main/div/div/form/button'.</msg>
<arg>${LOGIN_BUTTON}</arg>
<doc>Clicks the button identified by ``locator``.</doc>
<status status="PASS" start="2026-04-28T08:14:33.452371" elapsed="0.167950"/>
</kw>
<doc>Clicks the login button</doc>
<status status="PASS" start="2026-04-28T08:14:33.451967" elapsed="0.168627"/>
</kw>
<status status="PASS" start="2026-04-28T08:14:33.451326" elapsed="0.169396"/>
</kw>
<kw name="Then I should see an error message or invalid login">
<kw name="Run Keyword And Return Status" owner="BuiltIn">
<kw name="Wait Until Element Is Visible" owner="SeleniumLibrary">
<msg time="2026-04-28T08:14:38.935335" level="INFO" html="true">&lt;/td&gt;&lt;/tr&gt;&lt;tr&gt;&lt;td colspan="3"&gt;&lt;a href="selenium-screenshot-171.png"&gt;&lt;img src="selenium-screenshot-171.png" width="800px"&gt;&lt;/a&gt;</msg>
<msg time="2026-04-28T08:14:38.935624" level="FAIL">Element 'css=.error-message' not visible after 5 seconds.</msg>
<arg>css=.error-message</arg>
<arg>timeout=${timeout}</arg>
<doc>Waits until the element ``locator`` is visible.</doc>
<status status="FAIL" start="2026-04-28T08:14:33.622422" elapsed="5.313927">Element 'css=.error-message' not visible after 5 seconds.</status>
</kw>
<msg time="2026-04-28T08:14:38.936706" level="INFO">${check1} = False</msg>
<var>${check1}</var>
<arg>Wait Until Element Is Visible</arg>
<arg>css=.error-message</arg>
<arg>timeout=${timeout}</arg>
<doc>Runs the specified keyword and returns the status as a Boolean value.</doc>
<status status="PASS" start="2026-04-28T08:14:33.621743" elapsed="5.315023"/>
</kw>
<kw name="Run Keyword And Return Status" owner="BuiltIn">
<kw name="Wait Until Element Is Visible" owner="SeleniumLibrary">
<msg time="2026-04-28T08:14:44.259725" level="INFO" html="true">&lt;/td&gt;&lt;/tr&gt;&lt;tr&gt;&lt;td colspan="3"&gt;&lt;a href="selenium-screenshot-172.png"&gt;&lt;img src="selenium-screenshot-172.png" width="800px"&gt;&lt;/a&gt;</msg>
<msg time="2026-04-28T08:14:44.259998" level="FAIL">Element 'css=[class*='error']' not visible after 5 seconds.</msg>
<arg>css=[class*='error']</arg>
<arg>timeout=${timeout}</arg>
<doc>Waits until the element ``locator`` is visible.</doc>
<status status="FAIL" start="2026-04-28T08:14:38.937693" elapsed="5.323220">Element 'css=[class*='error']' not visible after 5 seconds.</status>
</kw>
<msg time="2026-04-28T08:14:44.261213" level="INFO">${check2} = False</msg>
<var>${check2}</var>
<arg>Wait Until Element Is Visible</arg>
<arg>css=[class*='error']</arg>
<arg>timeout=${timeout}</arg>
<doc>Runs the specified keyword and returns the status as a Boolean value.</doc>
<status status="PASS" start="2026-04-28T08:14:38.937041" elapsed="5.324229"/>
</kw>
<kw name="Run Keyword And Return Status" owner="BuiltIn">
<kw name="Page Should Contain" owner="SeleniumLibrary">
<msg time="2026-04-28T08:14:44.503487" level="INFO" html="true">&lt;/td&gt;&lt;/tr&gt;&lt;tr&gt;&lt;td colspan="3"&gt;&lt;a href="selenium-screenshot-173.png"&gt;&lt;img src="selenium-screenshot-173.png" width="800px"&gt;&lt;/a&gt;</msg>
<msg time="2026-04-28T08:14:44.503785" level="FAIL">Page should have contained text 'Invalid' but did not.</msg>
<arg>Invalid</arg>
<doc>Verifies that current page contains ``text``.</doc>
<status status="FAIL" start="2026-04-28T08:14:44.262288" elapsed="0.242233">Page should have contained text 'Invalid' but did not.</status>
</kw>
<msg time="2026-04-28T08:14:44.504852" level="INFO">${check3} = False</msg>
<var>${check3}</var>
<arg>Page Should Contain</arg>
<arg>Invalid</arg>
<doc>Runs the specified keyword and returns the status as a Boolean value.</doc>
<status status="PASS" start="2026-04-28T08:14:44.261569" elapsed="0.243358"/>
</kw>
<kw name="Run Keyword And Return Status" owner="BuiltIn">
<kw name="Page Should Contain" owner="SeleniumLibrary">
<msg time="2026-04-28T08:14:44.529197" level="INFO">Current page contains text 'erro'.</msg>
<arg>erro</arg>
<doc>Verifies that current page contains ``text``.</doc>
<status status="PASS" start="2026-04-28T08:14:44.506206" elapsed="0.023160"/>
</kw>
<msg time="2026-04-28T08:14:44.529668" level="INFO">${check4} = True</msg>
<var>${check4}</var>
<arg>Page Should Contain</arg>
<arg>erro</arg>
<doc>Runs the specified keyword and returns the status as a Boolean value.</doc>
<status status="PASS" start="2026-04-28T08:14:44.505283" elapsed="0.024461"/>
</kw>
<kw name="Should Be True" owner="BuiltIn">
<arg>${check1} == True or ${check2} == True or ${check3} == True or ${check4} == True</arg>
<doc>Fails if the given condition is not true.</doc>
<status status="PASS" start="2026-04-28T08:14:44.530035" elapsed="0.001104"/>
</kw>
<status status="PASS" start="2026-04-28T08:14:33.621206" elapsed="10.910146"/>
</kw>
<kw name="Close Session" owner="login_resources" type="TEARDOWN">
<kw name="Close Browser" owner="SeleniumLibrary">
<doc>Closes the current browser.</doc>
<status status="PASS" start="2026-04-28T08:14:44.532481" elapsed="0.146570"/>
</kw>
<doc>Closes the browser</doc>
<status status="PASS" start="2026-04-28T08:14:44.531917" elapsed="0.147329"/>
</kw>
<doc>Test wrong username and password</doc>
<status status="PASS" start="2026-04-28T08:14:30.881262" elapsed="13.798182"/>
</test>
<status status="FAIL" start="2026-04-28T08:12:36.679716" elapsed="128.000591"/>
</suite>
<statistics>
<total>
<stat pass="6" fail="4" skip="0">All Tests</stat>
</total>
<tag>
</tag>
<suite>
<stat name="Error Tests" id="s1" pass="6" fail="4" skip="0">Error Tests</stat>
</suite>
</statistics>
<errors>
</errors>
</robot>
