<?xml version="1.0" encoding="UTF-8"?>
<robot generator="Robot 7.4.2 (Python 3.12.3 on linux)" generated="2026-04-28T02:08:37.638177" rpa="false" schemaversion="5">
<suite id="s1" name="Login Tests" source="/home/any/Área de trabalho/TestesMobak/bugs/280426/login_tests.robot">
<test id="s1-t1" name="Cenário: Login com sucesso no Mobak" line="6">
<kw name="Dado que estou na página de login do Mobak">
<kw name="Open Mobak Login Page" owner="login_resources">
<kw name="Open Browser" owner="SeleniumLibrary">
<msg time="2026-04-28T02:08:37.957146" level="INFO">Opening browser 'chrome' to base url 'https://lampi.ifce.edu.br/mobak/login'.</msg>
<arg>${URL}</arg>
<arg>${BROWSER}</arg>
<doc>Opens a new browser instance to the optional ``url``.</doc>
<status status="PASS" start="2026-04-28T02:08:37.956640" elapsed="2.092080"/>
</kw>
<kw name="Maximize Browser Window" owner="SeleniumLibrary">
<doc>Maximizes current browser window.</doc>
<status status="PASS" start="2026-04-28T02:08:40.049303" elapsed="0.075039"/>
</kw>
<kw name="Wait Until Element Is Visible" owner="SeleniumLibrary">
<arg>${USER_FIELD}</arg>
<arg>timeout=10s</arg>
<doc>Waits until the element ``locator`` is visible.</doc>
<status status="PASS" start="2026-04-28T02:08:40.124858" elapsed="0.051548"/>
</kw>
<doc>Opens the browser and navigates to login page</doc>
<status status="PASS" start="2026-04-28T02:08:37.955296" elapsed="2.221356"/>
</kw>
<status status="PASS" start="2026-04-28T02:08:37.954487" elapsed="2.222309"/>
</kw>
<kw name="Quando preencho as credenciais com &quot;seu_usuario&quot; e &quot;sua_senha&quot;" source_name="Quando preencho as credenciais com &quot;${user}&quot; e &quot;${pass}&quot;">
<kw name="Input Username" owner="login_resources">
<kw name="Input Text" owner="SeleniumLibrary">
<msg time="2026-04-28T02:08:40.179568" level="INFO">Typing text 'seu_usuario' into text field 'xpath=/html/body/div/main/div/div/form/div[1]/div/input'.</msg>
<arg>${USER_FIELD}</arg>
<arg>${username}</arg>
<doc>Types the given ``text`` into the text field identified by ``locator``.</doc>
<status status="PASS" start="2026-04-28T02:08:40.179052" elapsed="0.300564"/>
</kw>
<arg>${user}</arg>
<status status="PASS" start="2026-04-28T02:08:40.178445" elapsed="0.301470"/>
</kw>
<kw name="Input User Password" owner="login_resources">
<kw name="Input Password" owner="SeleniumLibrary">
<msg time="2026-04-28T02:08:40.482110" level="INFO">Typing password into text field 'xpath=/html/body/div/main/div/div/form/div[2]/div/input'.</msg>
<msg time="2026-04-28T02:08:40.630577" level="INFO">Temporally setting log level to: NONE</msg>
<arg>${PASS_FIELD}</arg>
<arg>${password}</arg>
<doc>Types the given password into the text field identified by ``locator``.</doc>
<status status="PASS" start="2026-04-28T02:08:40.481391" elapsed="0.255074"/>
</kw>
<arg>${pass}</arg>
<status status="PASS" start="2026-04-28T02:08:40.480442" elapsed="0.256221"/>
</kw>
<status status="PASS" start="2026-04-28T02:08:40.177508" elapsed="0.559294"/>
</kw>
<kw name="E clico no botão de login">
<kw name="Submit Login" owner="login_resources">
<kw name="Click Button" owner="SeleniumLibrary">
<msg time="2026-04-28T02:08:40.738765" level="INFO">Clicking button 'xpath=/html/body/div/main/div/div/form/button'.</msg>
<arg>${LOGIN_BUTTON}</arg>
<doc>Clicks the button identified by ``locator``.</doc>
<status status="PASS" start="2026-04-28T02:08:40.738357" elapsed="0.173262"/>
</kw>
<doc>Clicks the login button</doc>
<status status="PASS" start="2026-04-28T02:08:40.737888" elapsed="0.173937"/>
</kw>
<status status="PASS" start="2026-04-28T02:08:40.737303" elapsed="0.174648"/>
</kw>
<kw name="Então devo ser redirecionado para o dashboard">
<kw name="Verify Successful Login" owner="login_resources">
<kw name="Wait Until Element Is Visible" owner="SeleniumLibrary">
<arg>${DASHBOARD_EL}</arg>
<arg>timeout=15s</arg>
<doc>Waits until the element ``locator`` is visible.</doc>
<status status="PASS" start="2026-04-28T02:08:40.913579" elapsed="0.039289"/>
</kw>
<doc>Verifies if user was redirected to dashboard</doc>
<status status="PASS" start="2026-04-28T02:08:40.913099" elapsed="0.040017"/>
</kw>
<status status="PASS" start="2026-04-28T02:08:40.912428" elapsed="0.040808"/>
</kw>
<kw name="Close Session" owner="login_resources" type="TEARDOWN">
<kw name="Close Browser" owner="SeleniumLibrary">
<doc>Closes the current browser.</doc>
<status status="PASS" start="2026-04-28T02:08:40.954507" elapsed="0.203415"/>
</kw>
<doc>Closes the browser</doc>
<status status="PASS" start="2026-04-28T02:08:40.953946" elapsed="0.204196"/>
</kw>
<doc>Teste para validar o fluxo de login usando princípios de BDD.</doc>
<status status="PASS" start="2026-04-28T02:08:37.952896" elapsed="3.205490"/>
</test>
<status status="PASS" start="2026-04-28T02:08:37.640109" elapsed="3.519227"/>
</suite>
<statistics>
<total>
<stat pass="1" fail="0" skip="0">All Tests</stat>
</total>
<tag>
</tag>
<suite>
<stat name="Login Tests" id="s1" pass="1" fail="0" skip="0">Login Tests</stat>
</suite>
</statistics>
<errors>
<msg time="2026-04-28T02:08:37.951228" level="ERROR">Error in file '/home/any/Área de trabalho/TestesMobak/bugs/280426/login_resources.robot' on line 3: Importing library 'WebDriverManager' failed: ModuleNotFoundError: No module named 'WebDriverManager'
Traceback (most recent call last):
  None
PYTHONPATH:
  /home/any/Área de trabalho/TestesMobak/venv/bin
  /usr/lib/python312.zip
  /usr/lib/python3.12
  /usr/lib/python3.12/lib-dynload
  /home/any/Área de trabalho/TestesMobak/venv/lib/python3.12/site-packages</msg>
</errors>
</robot>
